{"/tmp/handstand-api/server.js": {"path":"/tmp/handstand-api/server.js","statementMap":{"0":{"start":{"line":1,"column":0},"end":{"line":1,"column":27}},"1":{"start":{"line":2,"column":16},"end":{"line":2,"column":34}},"2":{"start":{"line":3,"column":16},"end":{"line":3,"column":42}},"3":{"start":{"line":4,"column":18},"end":{"line":4,"column":55}},"4":{"start":{"line":5,"column":17},"end":{"line":5,"column":30}},"5":{"start":{"line":6,"column":13},"end":{"line":6,"column":28}},"6":{"start":{"line":7,"column":13},"end":{"line":7,"column":28}},"7":{"start":{"line":8,"column":11},"end":{"line":8,"column":24}},"8":{"start":{"line":10,"column":21},"end":{"line":10,"column":58}},"9":{"start":{"line":11,"column":0},"end":{"line":14,"column":1}},"10":{"start":{"line":12,"column":2},"end":{"line":12,"column":68}},"11":{"start":{"line":13,"column":2},"end":{"line":13,"column":18}},"12":{"start":{"line":16,"column":12},"end":{"line":16,"column":21}},"13":{"start":{"line":17,"column":13},"end":{"line":17,"column":37}},"14":{"start":{"line":20,"column":13},"end":{"line":23,"column":2}},"15":{"start":{"line":26,"column":0},"end":{"line":49,"column":5}},"16":{"start":{"line":27,"column":2},"end":{"line":33,"column":3}},"17":{"start":{"line":28,"column":19},"end":{"line":28,"column":84}},"18":{"start":{"line":29,"column":4},"end":{"line":29,"column":29}},"19":{"start":{"line":30,"column":4},"end":{"line":30,"column":41}},"20":{"start":{"line":32,"column":4},"end":{"line":32,"column":55}},"21":{"start":{"line":36,"column":2},"end":{"line":48,"column":3}},"22":{"start":{"line":38,"column":4},"end":{"line":40,"column":7}},"23":{"start":{"line":41,"column":4},"end":{"line":41,"column":49}},"24":{"start":{"line":43,"column":4},"end":{"line":47,"column":5}},"25":{"start":{"line":44,"column":6},"end":{"line":44,"column":60}},"26":{"start":{"line":46,"column":6},"end":{"line":46,"column":55}},"27":{"start":{"line":52,"column":0},"end":{"line":60,"column":5}},"28":{"start":{"line":53,"column":20},"end":{"line":53,"column":77}},"29":{"start":{"line":54,"column":21},"end":{"line":54,"column":85}},"30":{"start":{"line":55,"column":2},"end":{"line":59,"column":3}},"31":{"start":{"line":56,"column":4},"end":{"line":58,"column":6}},"32":{"start":{"line":63,"column":24},"end":{"line":63,"column":91}},"33":{"start":{"line":64,"column":0},"end":{"line":64,"column":26}},"34":{"start":{"line":65,"column":0},"end":{"line":73,"column":4}},"35":{"start":{"line":68,"column":4},"end":{"line":68,"column":39}},"36":{"start":{"line":68,"column":17},"end":{"line":68,"column":39}},"37":{"start":{"line":69,"column":4},"end":{"line":69,"column":64}},"38":{"start":{"line":69,"column":42},"end":{"line":69,"column":64}},"39":{"start":{"line":70,"column":4},"end":{"line":70,"column":20}},"40":{"start":{"line":75,"column":0},"end":{"line":75,"column":24}},"41":{"start":{"line":76,"column":0},"end":{"line":76,"column":48}},"42":{"start":{"line":79,"column":0},"end":{"line":90,"column":4}},"43":{"start":{"line":93,"column":0},"end":{"line":93,"column":48}},"44":{"start":{"line":94,"column":0},"end":{"line":94,"column":52}},"45":{"start":{"line":97,"column":0},"end":{"line":97,"column":61}},"46":{"start":{"line":97,"column":33},"end":{"line":97,"column":59}},"47":{"start":{"line":99,"column":0},"end":{"line":99,"column":77}},"48":{"start":{"line":99,"column":23},"end":{"line":99,"column":75}}},"fnMap":{"0":{"name":"(anonymous_0)","decl":{"start":{"line":26,"column":1},"end":{"line":26,"column":2}},"loc":{"start":{"line":26,"column":13},"end":{"line":49,"column":1}},"line":26},"1":{"name":"checkForgotPasswordEmailConfig","decl":{"start":{"line":52,"column":10},"end":{"line":52,"column":40}},"loc":{"start":{"line":52,"column":43},"end":{"line":60,"column":1}},"line":52},"2":{"name":"(anonymous_2)","decl":{"start":{"line":66,"column":10},"end":{"line":66,"column":11}},"loc":{"start":{"line":66,"column":32},"end":{"line":71,"column":3}},"line":66},"3":{"name":"(anonymous_3)","decl":{"start":{"line":97,"column":19},"end":{"line":97,"column":20}},"loc":{"start":{"line":97,"column":33},"end":{"line":97,"column":59}},"line":97},"4":{"name":"(anonymous_4)","decl":{"start":{"line":99,"column":17},"end":{"line":99,"column":18}},"loc":{"start":{"line":99,"column":23},"end":{"line":99,"column":75}},"line":99}},"branchMap":{"0":{"loc":{"start":{"line":11,"column":0},"end":{"line":14,"column":1}},"type":"if","locations":[{"start":{"line":11,"column":0},"end":{"line":14,"column":1}},{"start":{},"end":{}}],"line":11},"1":{"loc":{"start":{"line":11,"column":4},"end":{"line":11,"column":47}},"type":"binary-expr","locations":[{"start":{"line":11,"column":4},"end":{"line":11,"column":16}},{"start":{"line":11,"column":20},"end":{"line":11,"column":47}}],"line":11},"2":{"loc":{"start":{"line":17,"column":13},"end":{"line":17,"column":37}},"type":"binary-expr","locations":[{"start":{"line":17,"column":13},"end":{"line":17,"column":29}},{"start":{"line":17,"column":33},"end":{"line":17,"column":37}}],"line":17},"3":{"loc":{"start":{"line":22,"column":7},"end":{"line":22,"column":84}},"type":"cond-expr","locations":[{"start":{"line":22,"column":47},"end":{"line":22,"column":76}},{"start":{"line":22,"column":79},"end":{"line":22,"column":84}}],"line":22},"4":{"loc":{"start":{"line":43,"column":4},"end":{"line":47,"column":5}},"type":"if","locations":[{"start":{"line":43,"column":4},"end":{"line":47,"column":5}},{"start":{"line":45,"column":11},"end":{"line":47,"column":5}}],"line":43},"5":{"loc":{"start":{"line":53,"column":23},"end":{"line":53,"column":76}},"type":"binary-expr","locations":[{"start":{"line":53,"column":23},"end":{"line":53,"column":49}},{"start":{"line":53,"column":53},"end":{"line":53,"column":76}}],"line":53},"6":{"loc":{"start":{"line":54,"column":24},"end":{"line":54,"column":84}},"type":"binary-expr","locations":[{"start":{"line":54,"column":24},"end":{"line":54,"column":51}},{"start":{"line":54,"column":55},"end":{"line":54,"column":84}}],"line":54},"7":{"loc":{"start":{"line":55,"column":2},"end":{"line":59,"column":3}},"type":"if","locations":[{"start":{"line":55,"column":2},"end":{"line":59,"column":3}},{"start":{},"end":{}}],"line":55},"8":{"loc":{"start":{"line":55,"column":6},"end":{"line":55,"column":31}},"type":"binary-expr","locations":[{"start":{"line":55,"column":6},"end":{"line":55,"column":16}},{"start":{"line":55,"column":20},"end":{"line":55,"column":31}}],"line":55},"9":{"loc":{"start":{"line":63,"column":25},"end":{"line":63,"column":79}},"type":"binary-expr","locations":[{"start":{"line":63,"column":25},"end":{"line":63,"column":52}},{"start":{"line":63,"column":56},"end":{"line":63,"column":79}}],"line":63},"10":{"loc":{"start":{"line":68,"column":4},"end":{"line":68,"column":39}},"type":"if","locations":[{"start":{"line":68,"column":4},"end":{"line":68,"column":39}},{"start":{},"end":{}}],"line":68},"11":{"loc":{"start":{"line":69,"column":4},"end":{"line":69,"column":64}},"type":"if","locations":[{"start":{"line":69,"column":4},"end":{"line":69,"column":64}},{"start":{},"end":{}}],"line":69},"12":{"loc":{"start":{"line":81,"column":10},"end":{"line":81,"column":72}},"type":"binary-expr","locations":[{"start":{"line":81,"column":10},"end":{"line":81,"column":36}},{"start":{"line":81,"column":40},"end":{"line":81,"column":72}}],"line":81},"13":{"loc":{"start":{"line":87,"column":14},"end":{"line":87,"column":68}},"type":"cond-expr","locations":[{"start":{"line":87,"column":54},"end":{"line":87,"column":60}},{"start":{"line":87,"column":63},"end":{"line":87,"column":68}}],"line":87}},"s":{"0":0,"1":0,"2":0,"3":0,"4":0,"5":0,"6":0,"7":0,"8":0,"9":0,"10":0,"11":0,"12":0,"13":0,"14":0,"15":0,"16":0,"17":0,"18":0,"19":0,"20":0,"21":0,"22":0,"23":0,"24":0,"25":0,"26":0,"27":0,"28":0,"29":0,"30":0,"31":0,"32":0,"33":0,"34":0,"35":0,"36":0,"37":0,"38":0,"39":0,"40":0,"41":0,"42":0,"43":0,"44":0,"45":0,"46":0,"47":0,"48":0},"f":{"0":0,"1":0,"2":0,"3":0,"4":0},"b":{"0":[0,0],"1":[0,0],"2":[0,0],"3":[0,0],"4":[0,0],"5":[0,0],"6":[0,0],"7":[0,0],"8":[0,0],"9":[0,0],"10":[0,0],"11":[0,0],"12":[0,0],"13":[0,0]}}
,"/tmp/handstand-api/middleware/auth.js": {"path":"/tmp/handstand-api/middleware/auth.js","statementMap":{"0":{"start":{"line":2,"column":2},"end":{"line":2,"column":55}},"1":{"start":{"line":2,"column":41},"end":{"line":2,"column":55}},"2":{"start":{"line":3,"column":2},"end":{"line":3,"column":55}},"3":{"start":{"line":6,"column":0},"end":{"line":6,"column":33}}},"fnMap":{"0":{"name":"requireAuth","decl":{"start":{"line":1,"column":9},"end":{"line":1,"column":20}},"loc":{"start":{"line":1,"column":37},"end":{"line":4,"column":1}},"line":1}},"branchMap":{"0":{"loc":{"start":{"line":2,"column":2},"end":{"line":2,"column":55}},"type":"if","locations":[{"start":{"line":2,"column":2},"end":{"line":2,"column":55}},{"start":{},"end":{}}],"line":2},"1":{"loc":{"start":{"line":2,"column":6},"end":{"line":2,"column":39}},"type":"binary-expr","locations":[{"start":{"line":2,"column":6},"end":{"line":2,"column":17}},{"start":{"line":2,"column":21},"end":{"line":2,"column":39}}],"line":2}},"s":{"0":0,"1":0,"2":0,"3":0},"f":{"0":0},"b":{"0":[0,0],"1":[0,0]}}
,"/tmp/handstand-api/routes/auth.js": {"path":"/tmp/handstand-api/routes/auth.js","statementMap":{"0":{"start":{"line":1,"column":16},"end":{"line":1,"column":34}},"1":{"start":{"line":2,"column":18},"end":{"line":2,"column":47}},"2":{"start":{"line":3,"column":15},"end":{"line":3,"column":34}},"3":{"start":{"line":4,"column":15},"end":{"line":4,"column":32}},"4":{"start":{"line":5,"column":24},"end":{"line":5,"column":53}},"5":{"start":{"line":6,"column":15},"end":{"line":6,"column":31}},"6":{"start":{"line":8,"column":34},"end":{"line":8,"column":35}},"7":{"start":{"line":9,"column":36},"end":{"line":9,"column":37}},"8":{"start":{"line":11,"column":20},"end":{"line":11,"column":48}},"9":{"start":{"line":12,"column":32},"end":{"line":12,"column":35}},"10":{"start":{"line":13,"column":33},"end":{"line":13,"column":34}},"11":{"start":{"line":16,"column":2},"end":{"line":16,"column":48}},"12":{"start":{"line":20,"column":2},"end":{"line":20,"column":65}},"13":{"start":{"line":26,"column":17},"end":{"line":26,"column":47}},"14":{"start":{"line":27,"column":23},"end":{"line":27,"column":60}},"15":{"start":{"line":29,"column":2},"end":{"line":34,"column":3}},"16":{"start":{"line":30,"column":4},"end":{"line":32,"column":5}},"17":{"start":{"line":31,"column":6},"end":{"line":31,"column":104}},"18":{"start":{"line":33,"column":4},"end":{"line":33,"column":18}},"19":{"start":{"line":36,"column":21},"end":{"line":36,"column":46}},"20":{"start":{"line":37,"column":17},"end":{"line":37,"column":41}},"21":{"start":{"line":38,"column":17},"end":{"line":38,"column":92}},"22":{"start":{"line":39,"column":19},"end":{"line":39,"column":35}},"23":{"start":{"line":40,"column":2},"end":{"line":42,"column":3}},"24":{"start":{"line":41,"column":4},"end":{"line":41,"column":77}},"25":{"start":{"line":43,"column":2},"end":{"line":43,"column":9}},"26":{"start":{"line":47,"column":25},"end":{"line":53,"column":2}},"27":{"start":{"line":56,"column":21},"end":{"line":62,"column":2}},"28":{"start":{"line":64,"column":0},"end":{"line":457,"column":2}},"29":{"start":{"line":66,"column":2},"end":{"line":80,"column":5}},"30":{"start":{"line":67,"column":4},"end":{"line":69,"column":5}},"31":{"start":{"line":68,"column":6},"end":{"line":68,"column":48}},"32":{"start":{"line":70,"column":4},"end":{"line":79,"column":5}},"33":{"start":{"line":71,"column":21},"end":{"line":74,"column":7}},"34":{"start":{"line":75,"column":6},"end":{"line":75,"column":73}},"35":{"start":{"line":75,"column":31},"end":{"line":75,"column":73}},"36":{"start":{"line":76,"column":6},"end":{"line":76,"column":62}},"37":{"start":{"line":78,"column":6},"end":{"line":78,"column":54}},"38":{"start":{"line":85,"column":82},"end":{"line":85,"column":90}},"39":{"start":{"line":86,"column":22},"end":{"line":86,"column":109}},"40":{"start":{"line":87,"column":4},"end":{"line":89,"column":5}},"41":{"start":{"line":88,"column":6},"end":{"line":88,"column":67}},"42":{"start":{"line":90,"column":4},"end":{"line":92,"column":5}},"43":{"start":{"line":91,"column":6},"end":{"line":91,"column":66}},"44":{"start":{"line":93,"column":4},"end":{"line":95,"column":5}},"45":{"start":{"line":94,"column":6},"end":{"line":94,"column":66}},"46":{"start":{"line":96,"column":4},"end":{"line":98,"column":5}},"47":{"start":{"line":97,"column":6},"end":{"line":97,"column":79}},"48":{"start":{"line":99,"column":4},"end":{"line":101,"column":5}},"49":{"start":{"line":100,"column":6},"end":{"line":100,"column":97}},"50":{"start":{"line":102,"column":22},"end":{"line":102,"column":59}},"51":{"start":{"line":103,"column":4},"end":{"line":105,"column":5}},"52":{"start":{"line":104,"column":6},"end":{"line":104,"column":70}},"53":{"start":{"line":106,"column":29},"end":{"line":106,"column":76}},"54":{"start":{"line":107,"column":4},"end":{"line":146,"column":5}},"55":{"start":{"line":108,"column":21},"end":{"line":108,"column":125}},"56":{"start":{"line":109,"column":24},"end":{"line":109,"column":89}},"57":{"start":{"line":110,"column":20},"end":{"line":110,"column":35}},"58":{"start":{"line":112,"column":6},"end":{"line":127,"column":7}},"59":{"start":{"line":113,"column":21},"end":{"line":113,"column":35}},"60":{"start":{"line":114,"column":8},"end":{"line":117,"column":10}},"61":{"start":{"line":118,"column":8},"end":{"line":121,"column":10}},"62":{"start":{"line":122,"column":8},"end":{"line":126,"column":11}},"63":{"start":{"line":129,"column":21},"end":{"line":132,"column":7}},"64":{"start":{"line":133,"column":19},"end":{"line":133,"column":33}},"65":{"start":{"line":134,"column":6},"end":{"line":137,"column":8}},"66":{"start":{"line":138,"column":6},"end":{"line":142,"column":9}},"67":{"start":{"line":144,"column":6},"end":{"line":144,"column":47}},"68":{"start":{"line":145,"column":6},"end":{"line":145,"column":63}},"69":{"start":{"line":150,"column":2},"end":{"line":150,"column":86}},"70":{"start":{"line":153,"column":2},"end":{"line":153,"column":97}},"71":{"start":{"line":156,"column":2},"end":{"line":188,"column":5}},"72":{"start":{"line":157,"column":64},"end":{"line":157,"column":72}},"73":{"start":{"line":158,"column":4},"end":{"line":160,"column":5}},"74":{"start":{"line":159,"column":6},"end":{"line":159,"column":73}},"75":{"start":{"line":161,"column":4},"end":{"line":163,"column":5}},"76":{"start":{"line":162,"column":6},"end":{"line":162,"column":88}},"77":{"start":{"line":164,"column":4},"end":{"line":166,"column":5}},"78":{"start":{"line":165,"column":6},"end":{"line":165,"column":72}},"79":{"start":{"line":167,"column":4},"end":{"line":169,"column":5}},"80":{"start":{"line":168,"column":6},"end":{"line":168,"column":78}},"81":{"start":{"line":170,"column":4},"end":{"line":187,"column":5}},"82":{"start":{"line":171,"column":21},"end":{"line":171,"column":99}},"83":{"start":{"line":172,"column":6},"end":{"line":174,"column":7}},"84":{"start":{"line":173,"column":8},"end":{"line":173,"column":76}},"85":{"start":{"line":175,"column":19},"end":{"line":175,"column":50}},"86":{"start":{"line":176,"column":21},"end":{"line":179,"column":7}},"87":{"start":{"line":180,"column":19},"end":{"line":180,"column":33}},"88":{"start":{"line":181,"column":6},"end":{"line":181,"column":35}},"89":{"start":{"line":182,"column":6},"end":{"line":182,"column":50}},"90":{"start":{"line":183,"column":6},"end":{"line":183,"column":37}},"91":{"start":{"line":185,"column":6},"end":{"line":185,"column":44}},"92":{"start":{"line":186,"column":6},"end":{"line":186,"column":63}},"93":{"start":{"line":191,"column":2},"end":{"line":215,"column":5}},"94":{"start":{"line":192,"column":32},"end":{"line":192,"column":40}},"95":{"start":{"line":193,"column":4},"end":{"line":195,"column":5}},"96":{"start":{"line":194,"column":6},"end":{"line":194,"column":81}},"97":{"start":{"line":196,"column":4},"end":{"line":214,"column":5}},"98":{"start":{"line":197,"column":21},"end":{"line":197,"column":98}},"99":{"start":{"line":198,"column":6},"end":{"line":200,"column":7}},"100":{"start":{"line":199,"column":8},"end":{"line":199,"column":77}},"101":{"start":{"line":201,"column":19},"end":{"line":201,"column":33}},"102":{"start":{"line":202,"column":20},"end":{"line":202,"column":70}},"103":{"start":{"line":203,"column":6},"end":{"line":205,"column":7}},"104":{"start":{"line":204,"column":8},"end":{"line":204,"column":77}},"105":{"start":{"line":206,"column":6},"end":{"line":206,"column":35}},"106":{"start":{"line":207,"column":6},"end":{"line":207,"column":50}},"107":{"start":{"line":208,"column":6},"end":{"line":210,"column":9}},"108":{"start":{"line":212,"column":6},"end":{"line":212,"column":41}},"109":{"start":{"line":213,"column":6},"end":{"line":213,"column":63}},"110":{"start":{"line":218,"column":2},"end":{"line":220,"column":5}},"111":{"start":{"line":219,"column":4},"end":{"line":219,"column":54}},"112":{"start":{"line":219,"column":30},"end":{"line":219,"column":52}},"113":{"start":{"line":225,"column":2},"end":{"line":245,"column":5}},"114":{"start":{"line":226,"column":18},"end":{"line":226,"column":65}},"115":{"start":{"line":227,"column":4},"end":{"line":227,"column":73}},"116":{"start":{"line":227,"column":16},"end":{"line":227,"column":73}},"117":{"start":{"line":228,"column":4},"end":{"line":244,"column":5}},"118":{"start":{"line":229,"column":16},"end":{"line":234,"column":7}},"119":{"start":{"line":235,"column":6},"end":{"line":235,"column":93}},"120":{"start":{"line":235,"column":26},"end":{"line":235,"column":93}},"121":{"start":{"line":236,"column":18},"end":{"line":236,"column":27}},"122":{"start":{"line":237,"column":19},"end":{"line":237,"column":117}},"123":{"start":{"line":238,"column":6},"end":{"line":238,"column":35}},"124":{"start":{"line":239,"column":6},"end":{"line":239,"column":50}},"125":{"start":{"line":240,"column":6},"end":{"line":240,"column":25}},"126":{"start":{"line":242,"column":6},"end":{"line":242,"column":63}},"127":{"start":{"line":243,"column":6},"end":{"line":243,"column":54}},"128":{"start":{"line":249,"column":2},"end":{"line":278,"column":5}},"129":{"start":{"line":250,"column":45},"end":{"line":250,"column":53}},"130":{"start":{"line":251,"column":16},"end":{"line":251,"column":39}},"131":{"start":{"line":252,"column":4},"end":{"line":252,"column":73}},"132":{"start":{"line":252,"column":16},"end":{"line":252,"column":73}},"133":{"start":{"line":253,"column":4},"end":{"line":253,"column":81}},"134":{"start":{"line":253,"column":14},"end":{"line":253,"column":81}},"135":{"start":{"line":254,"column":4},"end":{"line":254,"column":106}},"136":{"start":{"line":254,"column":24},"end":{"line":254,"column":106}},"137":{"start":{"line":255,"column":4},"end":{"line":277,"column":5}},"138":{"start":{"line":256,"column":16},"end":{"line":260,"column":7}},"139":{"start":{"line":261,"column":6},"end":{"line":261,"column":93}},"140":{"start":{"line":261,"column":26},"end":{"line":261,"column":93}},"141":{"start":{"line":262,"column":21},"end":{"line":262,"column":38}},"142":{"start":{"line":263,"column":19},"end":{"line":263,"column":45}},"143":{"start":{"line":264,"column":6},"end":{"line":264,"column":112}},"144":{"start":{"line":265,"column":6},"end":{"line":265,"column":130}},"145":{"start":{"line":266,"column":25},"end":{"line":269,"column":7}},"146":{"start":{"line":270,"column":19},"end":{"line":270,"column":37}},"147":{"start":{"line":271,"column":6},"end":{"line":271,"column":35}},"148":{"start":{"line":272,"column":6},"end":{"line":272,"column":50}},"149":{"start":{"line":273,"column":6},"end":{"line":273,"column":25}},"150":{"start":{"line":275,"column":6},"end":{"line":275,"column":48}},"151":{"start":{"line":276,"column":6},"end":{"line":276,"column":63}},"152":{"start":{"line":282,"column":2},"end":{"line":332,"column":5}},"153":{"start":{"line":283,"column":22},"end":{"line":283,"column":30}},"154":{"start":{"line":284,"column":22},"end":{"line":284,"column":77}},"155":{"start":{"line":285,"column":4},"end":{"line":285,"column":81}},"156":{"start":{"line":285,"column":20},"end":{"line":285,"column":81}},"157":{"start":{"line":286,"column":4},"end":{"line":286,"column":102}},"158":{"start":{"line":286,"column":38},"end":{"line":286,"column":102}},"159":{"start":{"line":287,"column":20},"end":{"line":287,"column":86}},"160":{"start":{"line":288,"column":25},"end":{"line":288,"column":93}},"161":{"start":{"line":289,"column":4},"end":{"line":331,"column":5}},"162":{"start":{"line":290,"column":25},"end":{"line":290,"column":95}},"163":{"start":{"line":291,"column":6},"end":{"line":293,"column":7}},"164":{"start":{"line":292,"column":8},"end":{"line":292,"column":38}},"165":{"start":{"line":294,"column":21},"end":{"line":294,"column":42}},"166":{"start":{"line":295,"column":20},"end":{"line":295,"column":35}},"167":{"start":{"line":296,"column":24},"end":{"line":296,"column":91}},"168":{"start":{"line":297,"column":6},"end":{"line":300,"column":8}},"169":{"start":{"line":301,"column":29},"end":{"line":301,"column":105}},"170":{"start":{"line":303,"column":6},"end":{"line":319,"column":7}},"171":{"start":{"line":304,"column":27},"end":{"line":304,"column":44}},"172":{"start":{"line":305,"column":23},"end":{"line":305,"column":61}},"173":{"start":{"line":306,"column":32},"end":{"line":311,"column":10}},"174":{"start":{"line":312,"column":8},"end":{"line":318,"column":9}},"175":{"start":{"line":313,"column":10},"end":{"line":313,"column":81}},"176":{"start":{"line":315,"column":10},"end":{"line":317,"column":11}},"177":{"start":{"line":316,"column":12},"end":{"line":316,"column":64}},"178":{"start":{"line":323,"column":27},"end":{"line":323,"column":64}},"179":{"start":{"line":324,"column":6},"end":{"line":326,"column":7}},"180":{"start":{"line":325,"column":8},"end":{"line":325,"column":60}},"181":{"start":{"line":327,"column":6},"end":{"line":327,"column":29}},"182":{"start":{"line":329,"column":6},"end":{"line":329,"column":51}},"183":{"start":{"line":330,"column":6},"end":{"line":330,"column":63}},"184":{"start":{"line":335,"column":2},"end":{"line":364,"column":5}},"185":{"start":{"line":336,"column":50},"end":{"line":336,"column":58}},"186":{"start":{"line":337,"column":4},"end":{"line":337,"column":73}},"187":{"start":{"line":337,"column":16},"end":{"line":337,"column":73}},"188":{"start":{"line":338,"column":4},"end":{"line":338,"column":83}},"189":{"start":{"line":338,"column":19},"end":{"line":338,"column":83}},"190":{"start":{"line":339,"column":4},"end":{"line":339,"column":111}},"191":{"start":{"line":339,"column":29},"end":{"line":339,"column":111}},"192":{"start":{"line":340,"column":4},"end":{"line":340,"column":119}},"193":{"start":{"line":340,"column":53},"end":{"line":340,"column":119}},"194":{"start":{"line":341,"column":4},"end":{"line":363,"column":5}},"195":{"start":{"line":342,"column":16},"end":{"line":346,"column":7}},"196":{"start":{"line":347,"column":6},"end":{"line":347,"column":93}},"197":{"start":{"line":347,"column":26},"end":{"line":347,"column":93}},"198":{"start":{"line":348,"column":21},"end":{"line":348,"column":38}},"199":{"start":{"line":349,"column":19},"end":{"line":349,"column":50}},"200":{"start":{"line":350,"column":6},"end":{"line":350,"column":112}},"201":{"start":{"line":351,"column":6},"end":{"line":351,"column":111}},"202":{"start":{"line":352,"column":25},"end":{"line":355,"column":7}},"203":{"start":{"line":356,"column":19},"end":{"line":356,"column":37}},"204":{"start":{"line":357,"column":6},"end":{"line":357,"column":35}},"205":{"start":{"line":358,"column":6},"end":{"line":358,"column":50}},"206":{"start":{"line":359,"column":6},"end":{"line":359,"column":25}},"207":{"start":{"line":361,"column":6},"end":{"line":361,"column":50}},"208":{"start":{"line":362,"column":6},"end":{"line":362,"column":63}},"209":{"start":{"line":367,"column":2},"end":{"line":394,"column":5}},"210":{"start":{"line":368,"column":65},"end":{"line":368,"column":73}},"211":{"start":{"line":369,"column":4},"end":{"line":371,"column":5}},"212":{"start":{"line":370,"column":6},"end":{"line":370,"column":73}},"213":{"start":{"line":372,"column":4},"end":{"line":374,"column":5}},"214":{"start":{"line":373,"column":6},"end":{"line":373,"column":88}},"215":{"start":{"line":375,"column":4},"end":{"line":377,"column":5}},"216":{"start":{"line":376,"column":6},"end":{"line":376,"column":76}},"217":{"start":{"line":378,"column":4},"end":{"line":393,"column":5}},"218":{"start":{"line":379,"column":21},"end":{"line":379,"column":106}},"219":{"start":{"line":380,"column":6},"end":{"line":382,"column":7}},"220":{"start":{"line":381,"column":8},"end":{"line":381,"column":66}},"221":{"start":{"line":383,"column":20},"end":{"line":383,"column":88}},"222":{"start":{"line":384,"column":6},"end":{"line":386,"column":7}},"223":{"start":{"line":385,"column":8},"end":{"line":385,"column":81}},"224":{"start":{"line":387,"column":19},"end":{"line":387,"column":54}},"225":{"start":{"line":388,"column":6},"end":{"line":388,"column":118}},"226":{"start":{"line":389,"column":6},"end":{"line":389,"column":29}},"227":{"start":{"line":391,"column":6},"end":{"line":391,"column":51}},"228":{"start":{"line":392,"column":6},"end":{"line":392,"column":68}},"229":{"start":{"line":397,"column":2},"end":{"line":424,"column":5}},"230":{"start":{"line":398,"column":36},"end":{"line":398,"column":44}},"231":{"start":{"line":399,"column":4},"end":{"line":423,"column":5}},"232":{"start":{"line":400,"column":22},"end":{"line":400,"column":24}},"233":{"start":{"line":401,"column":21},"end":{"line":401,"column":23}},"234":{"start":{"line":402,"column":21},"end":{"line":402,"column":22}},"235":{"start":{"line":403,"column":6},"end":{"line":406,"column":7}},"236":{"start":{"line":404,"column":8},"end":{"line":404,"column":45}},"237":{"start":{"line":405,"column":8},"end":{"line":405,"column":27}},"238":{"start":{"line":407,"column":6},"end":{"line":410,"column":7}},"239":{"start":{"line":408,"column":8},"end":{"line":408,"column":52}},"240":{"start":{"line":409,"column":8},"end":{"line":409,"column":41}},"241":{"start":{"line":411,"column":6},"end":{"line":413,"column":7}},"242":{"start":{"line":412,"column":8},"end":{"line":412,"column":77}},"243":{"start":{"line":414,"column":6},"end":{"line":414,"column":38}},"244":{"start":{"line":415,"column":21},"end":{"line":418,"column":7}},"245":{"start":{"line":419,"column":6},"end":{"line":419,"column":41}},"246":{"start":{"line":421,"column":6},"end":{"line":421,"column":51}},"247":{"start":{"line":422,"column":6},"end":{"line":422,"column":68}},"248":{"start":{"line":427,"column":2},"end":{"line":437,"column":5}},"249":{"start":{"line":428,"column":4},"end":{"line":436,"column":5}},"250":{"start":{"line":429,"column":6},"end":{"line":429,"column":91}},"251":{"start":{"line":430,"column":6},"end":{"line":430,"column":89}},"252":{"start":{"line":431,"column":6},"end":{"line":431,"column":111}},"253":{"start":{"line":432,"column":6},"end":{"line":432,"column":29}},"254":{"start":{"line":434,"column":6},"end":{"line":434,"column":50}},"255":{"start":{"line":435,"column":6},"end":{"line":435,"column":67}},"256":{"start":{"line":440,"column":2},"end":{"line":454,"column":5}},"257":{"start":{"line":441,"column":4},"end":{"line":453,"column":5}},"258":{"start":{"line":442,"column":6},"end":{"line":447,"column":7}},"259":{"start":{"line":442,"column":23},"end":{"line":442,"column":24}},"260":{"start":{"line":443,"column":8},"end":{"line":446,"column":10}},"261":{"start":{"line":448,"column":6},"end":{"line":448,"column":111}},"262":{"start":{"line":449,"column":6},"end":{"line":449,"column":29}},"263":{"start":{"line":451,"column":6},"end":{"line":451,"column":46}},"264":{"start":{"line":452,"column":6},"end":{"line":452,"column":66}},"265":{"start":{"line":456,"column":2},"end":{"line":456,"column":16}}},"fnMap":{"0":{"name":"generateToken","decl":{"start":{"line":15,"column":9},"end":{"line":15,"column":22}},"loc":{"start":{"line":15,"column":25},"end":{"line":17,"column":1}},"line":15},"1":{"name":"hashToken","decl":{"start":{"line":19,"column":9},"end":{"line":19,"column":18}},"loc":{"start":{"line":19,"column":26},"end":{"line":21,"column":1}},"line":19},"2":{"name":"requireTrackerApiSecret","decl":{"start":{"line":25,"column":9},"end":{"line":25,"column":32}},"loc":{"start":{"line":25,"column":49},"end":{"line":44,"column":1}},"line":25},"3":{"name":"(anonymous_3)","decl":{"start":{"line":64,"column":17},"end":{"line":64,"column":18}},"loc":{"start":{"line":64,"column":33},"end":{"line":457,"column":1}},"line":64},"4":{"name":"(anonymous_4)","decl":{"start":{"line":66,"column":25},"end":{"line":66,"column":26}},"loc":{"start":{"line":66,"column":45},"end":{"line":80,"column":3}},"line":66},"5":{"name":"createUserHandler","decl":{"start":{"line":84,"column":17},"end":{"line":84,"column":34}},"loc":{"start":{"line":84,"column":45},"end":{"line":147,"column":3}},"line":84},"6":{"name":"(anonymous_6)","decl":{"start":{"line":156,"column":32},"end":{"line":156,"column":33}},"loc":{"start":{"line":156,"column":52},"end":{"line":188,"column":3}},"line":156},"7":{"name":"(anonymous_7)","decl":{"start":{"line":191,"column":43},"end":{"line":191,"column":44}},"loc":{"start":{"line":191,"column":63},"end":{"line":215,"column":3}},"line":191},"8":{"name":"(anonymous_8)","decl":{"start":{"line":218,"column":30},"end":{"line":218,"column":31}},"loc":{"start":{"line":218,"column":44},"end":{"line":220,"column":3}},"line":218},"9":{"name":"(anonymous_9)","decl":{"start":{"line":219,"column":24},"end":{"line":219,"column":25}},"loc":{"start":{"line":219,"column":30},"end":{"line":219,"column":52}},"line":219},"10":{"name":"(anonymous_10)","decl":{"start":{"line":225,"column":50},"end":{"line":225,"column":51}},"loc":{"start":{"line":225,"column":70},"end":{"line":245,"column":3}},"line":225},"11":{"name":"(anonymous_11)","decl":{"start":{"line":249,"column":54},"end":{"line":249,"column":55}},"loc":{"start":{"line":249,"column":74},"end":{"line":278,"column":3}},"line":249},"12":{"name":"(anonymous_12)","decl":{"start":{"line":282,"column":57},"end":{"line":282,"column":58}},"loc":{"start":{"line":282,"column":77},"end":{"line":332,"column":3}},"line":282},"13":{"name":"(anonymous_13)","decl":{"start":{"line":335,"column":38},"end":{"line":335,"column":39}},"loc":{"start":{"line":335,"column":58},"end":{"line":364,"column":3}},"line":335},"14":{"name":"(anonymous_14)","decl":{"start":{"line":367,"column":52},"end":{"line":367,"column":53}},"loc":{"start":{"line":367,"column":72},"end":{"line":394,"column":3}},"line":367},"15":{"name":"(anonymous_15)","decl":{"start":{"line":397,"column":44},"end":{"line":397,"column":45}},"loc":{"start":{"line":397,"column":64},"end":{"line":424,"column":3}},"line":397},"16":{"name":"(anonymous_16)","decl":{"start":{"line":427,"column":51},"end":{"line":427,"column":52}},"loc":{"start":{"line":427,"column":71},"end":{"line":437,"column":3}},"line":427},"17":{"name":"(anonymous_17)","decl":{"start":{"line":440,"column":47},"end":{"line":440,"column":48}},"loc":{"start":{"line":440,"column":67},"end":{"line":454,"column":3}},"line":440}},"branchMap":{"0":{"loc":{"start":{"line":29,"column":2},"end":{"line":34,"column":3}},"type":"if","locations":[{"start":{"line":29,"column":2},"end":{"line":34,"column":3}},{"start":{},"end":{}}],"line":29},"1":{"loc":{"start":{"line":30,"column":4},"end":{"line":32,"column":5}},"type":"if","locations":[{"start":{"line":30,"column":4},"end":{"line":32,"column":5}},{"start":{},"end":{}}],"line":30},"2":{"loc":{"start":{"line":38,"column":17},"end":{"line":38,"column":92}},"type":"cond-expr","locations":[{"start":{"line":38,"column":66},"end":{"line":38,"column":85}},{"start":{"line":38,"column":88},"end":{"line":38,"column":92}}],"line":38},"3":{"loc":{"start":{"line":38,"column":17},"end":{"line":38,"column":63}},"type":"binary-expr","locations":[{"start":{"line":38,"column":17},"end":{"line":38,"column":27}},{"start":{"line":38,"column":31},"end":{"line":38,"column":63}}],"line":38},"4":{"loc":{"start":{"line":39,"column":19},"end":{"line":39,"column":35}},"type":"binary-expr","locations":[{"start":{"line":39,"column":19},"end":{"line":39,"column":25}},{"start":{"line":39,"column":29},"end":{"line":39,"column":35}}],"line":39},"5":{"loc":{"start":{"line":40,"column":2},"end":{"line":42,"column":3}},"type":"if","locations":[{"start":{"line":40,"column":2},"end":{"line":42,"column":3}},{"start":{},"end":{}}],"line":40},"6":{"loc":{"start":{"line":40,"column":6},"end":{"line":40,"column":38}},"type":"binary-expr","locations":[{"start":{"line":40,"column":6},"end":{"line":40,"column":15}},{"start":{"line":40,"column":19},"end":{"line":40,"column":38}}],"line":40},"7":{"loc":{"start":{"line":67,"column":4},"end":{"line":69,"column":5}},"type":"if","locations":[{"start":{"line":67,"column":4},"end":{"line":69,"column":5}},{"start":{},"end":{}}],"line":67},"8":{"loc":{"start":{"line":67,"column":8},"end":{"line":67,"column":43}},"type":"binary-expr","locations":[{"start":{"line":67,"column":8},"end":{"line":67,"column":20}},{"start":{"line":67,"column":24},"end":{"line":67,"column":43}}],"line":67},"9":{"loc":{"start":{"line":75,"column":6},"end":{"line":75,"column":73}},"type":"if","locations":[{"start":{"line":75,"column":6},"end":{"line":75,"column":73}},{"start":{},"end":{}}],"line":75},"10":{"loc":{"start":{"line":86,"column":23},"end":{"line":86,"column":101}},"type":"cond-expr","locations":[{"start":{"line":86,"column":38},"end":{"line":86,"column":50}},{"start":{"line":86,"column":53},"end":{"line":86,"column":101}}],"line":86},"11":{"loc":{"start":{"line":86,"column":53},"end":{"line":86,"column":101}},"type":"cond-expr","locations":[{"start":{"line":86,"column":76},"end":{"line":86,"column":96}},{"start":{"line":86,"column":99},"end":{"line":86,"column":101}}],"line":86},"12":{"loc":{"start":{"line":87,"column":4},"end":{"line":89,"column":5}},"type":"if","locations":[{"start":{"line":87,"column":4},"end":{"line":89,"column":5}},{"start":{},"end":{}}],"line":87},"13":{"loc":{"start":{"line":87,"column":8},"end":{"line":87,"column":42}},"type":"binary-expr","locations":[{"start":{"line":87,"column":8},"end":{"line":87,"column":14}},{"start":{"line":87,"column":18},"end":{"line":87,"column":42}}],"line":87},"14":{"loc":{"start":{"line":90,"column":4},"end":{"line":92,"column":5}},"type":"if","locations":[{"start":{"line":90,"column":4},"end":{"line":92,"column":5}},{"start":{},"end":{}}],"line":90},"15":{"loc":{"start":{"line":93,"column":4},"end":{"line":95,"column":5}},"type":"if","locations":[{"start":{"line":93,"column":4},"end":{"line":95,"column":5}},{"start":{},"end":{}}],"line":93},"16":{"loc":{"start":{"line":96,"column":4},"end":{"line":98,"column":5}},"type":"if","locations":[{"start":{"line":96,"column":4},"end":{"line":98,"column":5}},{"start":{},"end":{}}],"line":96},"17":{"loc":{"start":{"line":96,"column":8},"end":{"line":96,"column":96}},"type":"binary-expr","locations":[{"start":{"line":96,"column":8},"end":{"line":96,"column":26}},{"start":{"line":96,"column":30},"end":{"line":96,"column":67}},{"start":{"line":96,"column":71},"end":{"line":96,"column":96}}],"line":96},"18":{"loc":{"start":{"line":99,"column":4},"end":{"line":101,"column":5}},"type":"if","locations":[{"start":{"line":99,"column":4},"end":{"line":101,"column":5}},{"start":{},"end":{}}],"line":99},"19":{"loc":{"start":{"line":103,"column":4},"end":{"line":105,"column":5}},"type":"if","locations":[{"start":{"line":103,"column":4},"end":{"line":105,"column":5}},{"start":{},"end":{}}],"line":103},"20":{"loc":{"start":{"line":112,"column":6},"end":{"line":127,"column":7}},"type":"if","locations":[{"start":{"line":112,"column":6},"end":{"line":127,"column":7}},{"start":{},"end":{}}],"line":112},"21":{"loc":{"start":{"line":158,"column":4},"end":{"line":160,"column":5}},"type":"if","locations":[{"start":{"line":158,"column":4},"end":{"line":160,"column":5}},{"start":{},"end":{}}],"line":158},"22":{"loc":{"start":{"line":158,"column":8},"end":{"line":158,"column":65}},"type":"binary-expr","locations":[{"start":{"line":158,"column":8},"end":{"line":158,"column":14}},{"start":{"line":158,"column":18},"end":{"line":158,"column":27}},{"start":{"line":158,"column":31},"end":{"line":158,"column":48}},{"start":{"line":158,"column":52},"end":{"line":158,"column":65}}],"line":158},"23":{"loc":{"start":{"line":161,"column":4},"end":{"line":163,"column":5}},"type":"if","locations":[{"start":{"line":161,"column":4},"end":{"line":163,"column":5}},{"start":{},"end":{}}],"line":161},"24":{"loc":{"start":{"line":164,"column":4},"end":{"line":166,"column":5}},"type":"if","locations":[{"start":{"line":164,"column":4},"end":{"line":166,"column":5}},{"start":{},"end":{}}],"line":164},"25":{"loc":{"start":{"line":167,"column":4},"end":{"line":169,"column":5}},"type":"if","locations":[{"start":{"line":167,"column":4},"end":{"line":169,"column":5}},{"start":{},"end":{}}],"line":167},"26":{"loc":{"start":{"line":172,"column":6},"end":{"line":174,"column":7}},"type":"if","locations":[{"start":{"line":172,"column":6},"end":{"line":174,"column":7}},{"start":{},"end":{}}],"line":172},"27":{"loc":{"start":{"line":193,"column":4},"end":{"line":195,"column":5}},"type":"if","locations":[{"start":{"line":193,"column":4},"end":{"line":195,"column":5}},{"start":{},"end":{}}],"line":193},"28":{"loc":{"start":{"line":193,"column":8},"end":{"line":193,"column":27}},"type":"binary-expr","locations":[{"start":{"line":193,"column":8},"end":{"line":193,"column":14}},{"start":{"line":193,"column":18},"end":{"line":193,"column":27}}],"line":193},"29":{"loc":{"start":{"line":198,"column":6},"end":{"line":200,"column":7}},"type":"if","locations":[{"start":{"line":198,"column":6},"end":{"line":200,"column":7}},{"start":{},"end":{}}],"line":198},"30":{"loc":{"start":{"line":203,"column":6},"end":{"line":205,"column":7}},"type":"if","locations":[{"start":{"line":203,"column":6},"end":{"line":205,"column":7}},{"start":{},"end":{}}],"line":203},"31":{"loc":{"start":{"line":226,"column":18},"end":{"line":226,"column":65}},"type":"binary-expr","locations":[{"start":{"line":226,"column":18},"end":{"line":226,"column":33}},{"start":{"line":226,"column":37},"end":{"line":226,"column":65}}],"line":226},"32":{"loc":{"start":{"line":227,"column":4},"end":{"line":227,"column":73}},"type":"if","locations":[{"start":{"line":227,"column":4},"end":{"line":227,"column":73}},{"start":{},"end":{}}],"line":227},"33":{"loc":{"start":{"line":235,"column":6},"end":{"line":235,"column":93}},"type":"if","locations":[{"start":{"line":235,"column":6},"end":{"line":235,"column":93}},{"start":{},"end":{}}],"line":235},"34":{"loc":{"start":{"line":251,"column":16},"end":{"line":251,"column":39}},"type":"binary-expr","locations":[{"start":{"line":251,"column":16},"end":{"line":251,"column":27}},{"start":{"line":251,"column":31},"end":{"line":251,"column":39}}],"line":251},"35":{"loc":{"start":{"line":252,"column":4},"end":{"line":252,"column":73}},"type":"if","locations":[{"start":{"line":252,"column":4},"end":{"line":252,"column":73}},{"start":{},"end":{}}],"line":252},"36":{"loc":{"start":{"line":253,"column":4},"end":{"line":253,"column":81}},"type":"if","locations":[{"start":{"line":253,"column":4},"end":{"line":253,"column":81}},{"start":{},"end":{}}],"line":253},"37":{"loc":{"start":{"line":254,"column":4},"end":{"line":254,"column":106}},"type":"if","locations":[{"start":{"line":254,"column":4},"end":{"line":254,"column":106}},{"start":{},"end":{}}],"line":254},"38":{"loc":{"start":{"line":261,"column":6},"end":{"line":261,"column":93}},"type":"if","locations":[{"start":{"line":261,"column":6},"end":{"line":261,"column":93}},{"start":{},"end":{}}],"line":261},"39":{"loc":{"start":{"line":284,"column":22},"end":{"line":284,"column":77}},"type":"cond-expr","locations":[{"start":{"line":284,"column":38},"end":{"line":284,"column":72}},{"start":{"line":284,"column":75},"end":{"line":284,"column":77}}],"line":284},"40":{"loc":{"start":{"line":285,"column":4},"end":{"line":285,"column":81}},"type":"if","locations":[{"start":{"line":285,"column":4},"end":{"line":285,"column":81}},{"start":{},"end":{}}],"line":285},"41":{"loc":{"start":{"line":286,"column":4},"end":{"line":286,"column":102}},"type":"if","locations":[{"start":{"line":286,"column":4},"end":{"line":286,"column":102}},{"start":{},"end":{}}],"line":286},"42":{"loc":{"start":{"line":287,"column":20},"end":{"line":287,"column":86}},"type":"binary-expr","locations":[{"start":{"line":287,"column":20},"end":{"line":287,"column":47}},{"start":{"line":287,"column":51},"end":{"line":287,"column":80}},{"start":{"line":287,"column":84},"end":{"line":287,"column":86}}],"line":287},"43":{"loc":{"start":{"line":288,"column":28},"end":{"line":288,"column":92}},"type":"binary-expr","locations":[{"start":{"line":288,"column":28},"end":{"line":288,"column":54}},{"start":{"line":288,"column":58},"end":{"line":288,"column":65}},{"start":{"line":288,"column":69},"end":{"line":288,"column":92}}],"line":288},"44":{"loc":{"start":{"line":291,"column":6},"end":{"line":293,"column":7}},"type":"if","locations":[{"start":{"line":291,"column":6},"end":{"line":293,"column":7}},{"start":{},"end":{}}],"line":291},"45":{"loc":{"start":{"line":301,"column":29},"end":{"line":301,"column":105}},"type":"cond-expr","locations":[{"start":{"line":301,"column":39},"end":{"line":301,"column":98}},{"start":{"line":301,"column":101},"end":{"line":301,"column":105}}],"line":301},"46":{"loc":{"start":{"line":303,"column":6},"end":{"line":319,"column":7}},"type":"if","locations":[{"start":{"line":303,"column":6},"end":{"line":319,"column":7}},{"start":{},"end":{}}],"line":303},"47":{"loc":{"start":{"line":312,"column":8},"end":{"line":318,"column":9}},"type":"if","locations":[{"start":{"line":312,"column":8},"end":{"line":318,"column":9}},{"start":{},"end":{}}],"line":312},"48":{"loc":{"start":{"line":313,"column":57},"end":{"line":313,"column":79}},"type":"binary-expr","locations":[{"start":{"line":313,"column":57},"end":{"line":313,"column":70}},{"start":{"line":313,"column":74},"end":{"line":313,"column":79}}],"line":313},"49":{"loc":{"start":{"line":315,"column":10},"end":{"line":317,"column":11}},"type":"if","locations":[{"start":{"line":315,"column":10},"end":{"line":317,"column":11}},{"start":{},"end":{}}],"line":315},"50":{"loc":{"start":{"line":324,"column":6},"end":{"line":326,"column":7}},"type":"if","locations":[{"start":{"line":324,"column":6},"end":{"line":326,"column":7}},{"start":{},"end":{}}],"line":324},"51":{"loc":{"start":{"line":324,"column":10},"end":{"line":324,"column":40}},"type":"binary-expr","locations":[{"start":{"line":324,"column":10},"end":{"line":324,"column":23}},{"start":{"line":324,"column":27},"end":{"line":324,"column":40}}],"line":324},"52":{"loc":{"start":{"line":337,"column":4},"end":{"line":337,"column":73}},"type":"if","locations":[{"start":{"line":337,"column":4},"end":{"line":337,"column":73}},{"start":{},"end":{}}],"line":337},"53":{"loc":{"start":{"line":338,"column":4},"end":{"line":338,"column":83}},"type":"if","locations":[{"start":{"line":338,"column":4},"end":{"line":338,"column":83}},{"start":{},"end":{}}],"line":338},"54":{"loc":{"start":{"line":339,"column":4},"end":{"line":339,"column":111}},"type":"if","locations":[{"start":{"line":339,"column":4},"end":{"line":339,"column":111}},{"start":{},"end":{}}],"line":339},"55":{"loc":{"start":{"line":340,"column":4},"end":{"line":340,"column":119}},"type":"if","locations":[{"start":{"line":340,"column":4},"end":{"line":340,"column":119}},{"start":{},"end":{}}],"line":340},"56":{"loc":{"start":{"line":340,"column":22},"end":{"line":340,"column":50}},"type":"binary-expr","locations":[{"start":{"line":340,"column":22},"end":{"line":340,"column":38}},{"start":{"line":340,"column":42},"end":{"line":340,"column":50}}],"line":340},"57":{"loc":{"start":{"line":347,"column":6},"end":{"line":347,"column":93}},"type":"if","locations":[{"start":{"line":347,"column":6},"end":{"line":347,"column":93}},{"start":{},"end":{}}],"line":347},"58":{"loc":{"start":{"line":369,"column":4},"end":{"line":371,"column":5}},"type":"if","locations":[{"start":{"line":369,"column":4},"end":{"line":371,"column":5}},{"start":{},"end":{}}],"line":369},"59":{"loc":{"start":{"line":369,"column":8},"end":{"line":369,"column":63}},"type":"binary-expr","locations":[{"start":{"line":369,"column":8},"end":{"line":369,"column":25}},{"start":{"line":369,"column":29},"end":{"line":369,"column":42}},{"start":{"line":369,"column":46},"end":{"line":369,"column":63}}],"line":369},"60":{"loc":{"start":{"line":372,"column":4},"end":{"line":374,"column":5}},"type":"if","locations":[{"start":{"line":372,"column":4},"end":{"line":374,"column":5}},{"start":{},"end":{}}],"line":372},"61":{"loc":{"start":{"line":375,"column":4},"end":{"line":377,"column":5}},"type":"if","locations":[{"start":{"line":375,"column":4},"end":{"line":377,"column":5}},{"start":{},"end":{}}],"line":375},"62":{"loc":{"start":{"line":380,"column":6},"end":{"line":382,"column":7}},"type":"if","locations":[{"start":{"line":380,"column":6},"end":{"line":382,"column":7}},{"start":{},"end":{}}],"line":380},"63":{"loc":{"start":{"line":384,"column":6},"end":{"line":386,"column":7}},"type":"if","locations":[{"start":{"line":384,"column":6},"end":{"line":386,"column":7}},{"start":{},"end":{}}],"line":384},"64":{"loc":{"start":{"line":403,"column":6},"end":{"line":406,"column":7}},"type":"if","locations":[{"start":{"line":403,"column":6},"end":{"line":406,"column":7}},{"start":{},"end":{}}],"line":403},"65":{"loc":{"start":{"line":403,"column":10},"end":{"line":403,"column":52}},"type":"binary-expr","locations":[{"start":{"line":403,"column":10},"end":{"line":403,"column":15}},{"start":{"line":403,"column":19},"end":{"line":403,"column":52}}],"line":403},"66":{"loc":{"start":{"line":407,"column":6},"end":{"line":410,"column":7}},"type":"if","locations":[{"start":{"line":407,"column":6},"end":{"line":410,"column":7}},{"start":{},"end":{}}],"line":407},"67":{"loc":{"start":{"line":407,"column":10},"end":{"line":407,"column":45}},"type":"binary-expr","locations":[{"start":{"line":407,"column":10},"end":{"line":407,"column":22}},{"start":{"line":407,"column":26},"end":{"line":407,"column":45}}],"line":407},"68":{"loc":{"start":{"line":411,"column":6},"end":{"line":413,"column":7}},"type":"if","locations":[{"start":{"line":411,"column":6},"end":{"line":413,"column":7}},{"start":{},"end":{}}],"line":411}},"s":{"0":0,"1":0,"2":0,"3":0,"4":0,"5":0,"6":0,"7":0,"8":0,"9":0,"10":0,"11":0,"12":0,"13":0,"14":0,"15":0,"16":0,"17":0,"18":0,"19":0,"20":0,"21":0,"22":0,"23":0,"24":0,"25":0,"26":0,"27":0,"28":0,"29":0,"30":0,"31":0,"32":0,"33":0,"34":0,"35":0,"36":0,"37":0,"38":0,"39":0,"40":0,"41":0,"42":0,"43":0,"44":0,"45":0,"46":0,"47":0,"48":0,"49":0,"50":0,"51":0,"52":0,"53":0,"54":0,"55":0,"56":0,"57":0,"58":0,"59":0,"60":0,"61":0,"62":0,"63":0,"64":0,"65":0,"66":0,"67":0,"68":0,"69":0,"70":0,"71":0,"72":0,"73":0,"74":0,"75":0,"76":0,"77":0,"78":0,"79":0,"80":0,"81":0,"82":0,"83":0,"84":0,"85":0,"86":0,"87":0,"88":0,"89":0,"90":0,"91":0,"92":0,"93":0,"94":0,"95":0,"96":0,"97":0,"98":0,"99":0,"100":0,"101":0,"102":0,"103":0,"104":0,"105":0,"106":0,"107":0,"108":0,"109":0,"110":0,"111":0,"112":0,"113":0,"114":0,"115":0,"116":0,"117":0,"118":0,"119":0,"120":0,"121":0,"122":0,"123":0,"124":0,"125":0,"126":0,"127":0,"128":0,"129":0,"130":0,"131":0,"132":0,"133":0,"134":0,"135":0,"136":0,"137":0,"138":0,"139":0,"140":0,"141":0,"142":0,"143":0,"144":0,"145":0,"146":0,"147":0,"148":0,"149":0,"150":0,"151":0,"152":0,"153":0,"154":0,"155":0,"156":0,"157":0,"158":0,"159":0,"160":0,"161":0,"162":0,"163":0,"164":0,"165":0,"166":0,"167":0,"168":0,"169":0,"170":0,"171":0,"172":0,"173":0,"174":0,"175":0,"176":0,"177":0,"178":0,"179":0,"180":0,"181":0,"182":0,"183":0,"184":0,"185":0,"186":0,"187":0,"188":0,"189":0,"190":0,"191":0,"192":0,"193":0,"194":0,"195":0,"196":0,"197":0,"198":0,"199":0,"200":0,"201":0,"202":0,"203":0,"204":0,"205":0,"206":0,"207":0,"208":0,"209":0,"210":0,"211":0,"212":0,"213":0,"214":0,"215":0,"216":0,"217":0,"218":0,"219":0,"220":0,"221":0,"222":0,"223":0,"224":0,"225":0,"226":0,"227":0,"228":0,"229":0,"230":0,"231":0,"232":0,"233":0,"234":0,"235":0,"236":0,"237":0,"238":0,"239":0,"240":0,"241":0,"242":0,"243":0,"244":0,"245":0,"246":0,"247":0,"248":0,"249":0,"250":0,"251":0,"252":0,"253":0,"254":0,"255":0,"256":0,"257":0,"258":0,"259":0,"260":0,"261":0,"262":0,"263":0,"264":0,"265":0},"f":{"0":0,"1":0,"2":0,"3":0,"4":0,"5":0,"6":0,"7":0,"8":0,"9":0,"10":0,"11":0,"12":0,"13":0,"14":0,"15":0,"16":0,"17":0},"b":{"0":[0,0],"1":[0,0],"2":[0,0],"3":[0,0],"4":[0,0],"5":[0,0],"6":[0,0],"7":[0,0],"8":[0,0],"9":[0,0],"10":[0,0],"11":[0,0],"12":[0,0],"13":[0,0],"14":[0,0],"15":[0,0],"16":[0,0],"17":[0,0,0],"18":[0,0],"19":[0,0],"20":[0,0],"21":[0,0],"22":[0,0,0,0],"23":[0,0],"24":[0,0],"25":[0,0],"26":[0,0],"27":[0,0],"28":[0,0],"29":[0,0],"30":[0,0],"31":[0,0],"32":[0,0],"33":[0,0],"34":[0,0],"35":[0,0],"36":[0,0],"37":[0,0],"38":[0,0],"39":[0,0],"40":[0,0],"41":[0,0],"42":[0,0,0],"43":[0,0,0],"44":[0,0],"45":[0,0],"46":[0,0],"47":[0,0],"48":[0,0],"49":[0,0],"50":[0,0],"51":[0,0],"52":[0,0],"53":[0,0],"54":[0,0],"55":[0,0],"56":[0,0],"57":[0,0],"58":[0,0],"59":[0,0,0],"60":[0,0],"61":[0,0],"62":[0,0],"63":[0,0],"64":[0,0],"65":[0,0],"66":[0,0],"67":[0,0],"68":[0,0]}}
,"/tmp/handstand-api/routes/progress.js": {"path":"/tmp/handstand-api/routes/progress.js","statementMap":{"0":{"start":{"line":1,"column":16},"end":{"line":1,"column":34}},"1":{"start":{"line":2,"column":24},"end":{"line":2,"column":53}},"2":{"start":{"line":3,"column":15},"end":{"line":3,"column":40}},"3":{"start":{"line":4,"column":15},"end":{"line":4,"column":31}},"4":{"start":{"line":6,"column":0},"end":{"line":113,"column":2}},"5":{"start":{"line":8,"column":2},"end":{"line":8,"column":56}},"6":{"start":{"line":8,"column":38},"end":{"line":8,"column":54}},"7":{"start":{"line":11,"column":2},"end":{"line":40,"column":5}},"8":{"start":{"line":12,"column":4},"end":{"line":39,"column":5}},"9":{"start":{"line":13,"column":25},"end":{"line":16,"column":7}},"10":{"start":{"line":17,"column":19},"end":{"line":17,"column":37}},"11":{"start":{"line":18,"column":6},"end":{"line":20,"column":7}},"12":{"start":{"line":19,"column":8},"end":{"line":19,"column":92}},"13":{"start":{"line":21,"column":26},"end":{"line":24,"column":13}},"14":{"start":{"line":25,"column":25},"end":{"line":29,"column":13}},"15":{"start":{"line":30,"column":28},"end":{"line":33,"column":20}},"16":{"start":{"line":34,"column":21},"end":{"line":34,"column":62}},"17":{"start":{"line":35,"column":6},"end":{"line":35,"column":98}},"18":{"start":{"line":37,"column":6},"end":{"line":37,"column":45}},"19":{"start":{"line":38,"column":6},"end":{"line":38,"column":54}},"20":{"start":{"line":43,"column":2},"end":{"line":60,"column":5}},"21":{"start":{"line":44,"column":18},"end":{"line":44,"column":46}},"22":{"start":{"line":45,"column":4},"end":{"line":45,"column":111}},"23":{"start":{"line":45,"column":55},"end":{"line":45,"column":111}},"24":{"start":{"line":46,"column":4},"end":{"line":59,"column":5}},"25":{"start":{"line":47,"column":19},"end":{"line":50,"column":13}},"26":{"start":{"line":51,"column":24},"end":{"line":54,"column":24}},"27":{"start":{"line":55,"column":6},"end":{"line":55,"column":36}},"28":{"start":{"line":57,"column":6},"end":{"line":57,"column":46}},"29":{"start":{"line":58,"column":6},"end":{"line":58,"column":54}},"30":{"start":{"line":63,"column":2},"end":{"line":79,"column":5}},"31":{"start":{"line":64,"column":96},"end":{"line":64,"column":104}},"32":{"start":{"line":65,"column":4},"end":{"line":65,"column":107}},"33":{"start":{"line":65,"column":33},"end":{"line":65,"column":107}},"34":{"start":{"line":66,"column":21},"end":{"line":66,"column":40}},"35":{"start":{"line":67,"column":4},"end":{"line":67,"column":124}},"36":{"start":{"line":67,"column":64},"end":{"line":67,"column":124}},"37":{"start":{"line":68,"column":4},"end":{"line":78,"column":5}},"38":{"start":{"line":69,"column":21},"end":{"line":73,"column":7}},"39":{"start":{"line":74,"column":6},"end":{"line":74,"column":52}},"40":{"start":{"line":76,"column":6},"end":{"line":76,"column":39}},"41":{"start":{"line":77,"column":6},"end":{"line":77,"column":56}},"42":{"start":{"line":82,"column":2},"end":{"line":97,"column":5}},"43":{"start":{"line":83,"column":16},"end":{"line":83,"column":44}},"44":{"start":{"line":84,"column":4},"end":{"line":84,"column":105}},"45":{"start":{"line":84,"column":49},"end":{"line":84,"column":105}},"46":{"start":{"line":85,"column":4},"end":{"line":96,"column":5}},"47":{"start":{"line":86,"column":6},"end":{"line":89,"column":8}},"48":{"start":{"line":90,"column":24},"end":{"line":90,"column":44}},"49":{"start":{"line":91,"column":6},"end":{"line":91,"column":123}},"50":{"start":{"line":92,"column":6},"end":{"line":92,"column":40}},"51":{"start":{"line":94,"column":6},"end":{"line":94,"column":44}},"52":{"start":{"line":95,"column":6},"end":{"line":95,"column":56}},"53":{"start":{"line":100,"column":2},"end":{"line":110,"column":5}},"54":{"start":{"line":101,"column":4},"end":{"line":109,"column":5}},"55":{"start":{"line":102,"column":21},"end":{"line":102,"column":130}},"56":{"start":{"line":103,"column":6},"end":{"line":105,"column":7}},"57":{"start":{"line":104,"column":8},"end":{"line":104,"column":64}},"58":{"start":{"line":106,"column":6},"end":{"line":106,"column":29}},"59":{"start":{"line":108,"column":6},"end":{"line":108,"column":48}},"60":{"start":{"line":112,"column":2},"end":{"line":112,"column":16}},"61":{"start":{"line":116,"column":17},"end":{"line":119,"column":3}},"62":{"start":{"line":120,"column":2},"end":{"line":120,"column":36}},"63":{"start":{"line":120,"column":27},"end":{"line":120,"column":36}},"64":{"start":{"line":121,"column":15},"end":{"line":121,"column":16}},"65":{"start":{"line":122,"column":17},"end":{"line":122,"column":27}},"66":{"start":{"line":123,"column":2},"end":{"line":123,"column":32}},"67":{"start":{"line":124,"column":2},"end":{"line":131,"column":3}},"68":{"start":{"line":125,"column":14},"end":{"line":125,"column":40}},"69":{"start":{"line":126,"column":4},"end":{"line":126,"column":27}},"70":{"start":{"line":127,"column":4},"end":{"line":130,"column":17}},"71":{"start":{"line":128,"column":6},"end":{"line":128,"column":15}},"72":{"start":{"line":129,"column":6},"end":{"line":129,"column":19}},"73":{"start":{"line":130,"column":11},"end":{"line":130,"column":17}},"74":{"start":{"line":132,"column":2},"end":{"line":132,"column":16}}},"fnMap":{"0":{"name":"(anonymous_0)","decl":{"start":{"line":6,"column":17},"end":{"line":6,"column":18}},"loc":{"start":{"line":6,"column":33},"end":{"line":113,"column":1}},"line":6},"1":{"name":"(anonymous_1)","decl":{"start":{"line":8,"column":24},"end":{"line":8,"column":25}},"loc":{"start":{"line":8,"column":38},"end":{"line":8,"column":54}},"line":8},"2":{"name":"(anonymous_2)","decl":{"start":{"line":11,"column":40},"end":{"line":11,"column":41}},"loc":{"start":{"line":11,"column":60},"end":{"line":40,"column":3}},"line":11},"3":{"name":"(anonymous_3)","decl":{"start":{"line":43,"column":47},"end":{"line":43,"column":48}},"loc":{"start":{"line":43,"column":67},"end":{"line":60,"column":3}},"line":43},"4":{"name":"(anonymous_4)","decl":{"start":{"line":63,"column":35},"end":{"line":63,"column":36}},"loc":{"start":{"line":63,"column":55},"end":{"line":79,"column":3}},"line":63},"5":{"name":"(anonymous_5)","decl":{"start":{"line":82,"column":40},"end":{"line":82,"column":41}},"loc":{"start":{"line":82,"column":60},"end":{"line":97,"column":3}},"line":82},"6":{"name":"(anonymous_6)","decl":{"start":{"line":100,"column":41},"end":{"line":100,"column":42}},"loc":{"start":{"line":100,"column":61},"end":{"line":110,"column":3}},"line":100},"7":{"name":"getStreak","decl":{"start":{"line":115,"column":15},"end":{"line":115,"column":24}},"loc":{"start":{"line":115,"column":39},"end":{"line":133,"column":1}},"line":115}},"branchMap":{"0":{"loc":{"start":{"line":18,"column":6},"end":{"line":20,"column":7}},"type":"if","locations":[{"start":{"line":18,"column":6},"end":{"line":20,"column":7}},{"start":{},"end":{}}],"line":18},"1":{"loc":{"start":{"line":45,"column":4},"end":{"line":45,"column":111}},"type":"if","locations":[{"start":{"line":45,"column":4},"end":{"line":45,"column":111}},{"start":{},"end":{}}],"line":45},"2":{"loc":{"start":{"line":45,"column":8},"end":{"line":45,"column":53}},"type":"binary-expr","locations":[{"start":{"line":45,"column":8},"end":{"line":45,"column":27}},{"start":{"line":45,"column":31},"end":{"line":45,"column":40}},{"start":{"line":45,"column":44},"end":{"line":45,"column":53}}],"line":45},"3":{"loc":{"start":{"line":51,"column":24},"end":{"line":54,"column":24}},"type":"binary-expr","locations":[{"start":{"line":51,"column":24},"end":{"line":54,"column":16}},{"start":{"line":54,"column":20},"end":{"line":54,"column":24}}],"line":51},"4":{"loc":{"start":{"line":65,"column":4},"end":{"line":65,"column":107}},"type":"if","locations":[{"start":{"line":65,"column":4},"end":{"line":65,"column":107}},{"start":{},"end":{}}],"line":65},"5":{"loc":{"start":{"line":65,"column":8},"end":{"line":65,"column":31}},"type":"binary-expr","locations":[{"start":{"line":65,"column":8},"end":{"line":65,"column":14}},{"start":{"line":65,"column":18},"end":{"line":65,"column":31}}],"line":65},"6":{"loc":{"start":{"line":67,"column":4},"end":{"line":67,"column":124}},"type":"if","locations":[{"start":{"line":67,"column":4},"end":{"line":67,"column":124}},{"start":{},"end":{}}],"line":67},"7":{"loc":{"start":{"line":67,"column":8},"end":{"line":67,"column":62}},"type":"binary-expr","locations":[{"start":{"line":67,"column":8},"end":{"line":67,"column":30}},{"start":{"line":67,"column":34},"end":{"line":67,"column":46}},{"start":{"line":67,"column":50},"end":{"line":67,"column":62}}],"line":67},"8":{"loc":{"start":{"line":72,"column":53},"end":{"line":72,"column":72}},"type":"binary-expr","locations":[{"start":{"line":72,"column":53},"end":{"line":72,"column":67}},{"start":{"line":72,"column":71},"end":{"line":72,"column":72}}],"line":72},"9":{"loc":{"start":{"line":72,"column":74},"end":{"line":72,"column":96}},"type":"binary-expr","locations":[{"start":{"line":72,"column":74},"end":{"line":72,"column":90}},{"start":{"line":72,"column":94},"end":{"line":72,"column":96}}],"line":72},"10":{"loc":{"start":{"line":72,"column":98},"end":{"line":72,"column":123}},"type":"binary-expr","locations":[{"start":{"line":72,"column":98},"end":{"line":72,"column":115}},{"start":{"line":72,"column":119},"end":{"line":72,"column":123}}],"line":72},"11":{"loc":{"start":{"line":72,"column":125},"end":{"line":72,"column":136}},"type":"binary-expr","locations":[{"start":{"line":72,"column":125},"end":{"line":72,"column":130}},{"start":{"line":72,"column":134},"end":{"line":72,"column":136}}],"line":72},"12":{"loc":{"start":{"line":84,"column":4},"end":{"line":84,"column":105}},"type":"if","locations":[{"start":{"line":84,"column":4},"end":{"line":84,"column":105}},{"start":{},"end":{}}],"line":84},"13":{"loc":{"start":{"line":84,"column":8},"end":{"line":84,"column":47}},"type":"binary-expr","locations":[{"start":{"line":84,"column":8},"end":{"line":84,"column":25}},{"start":{"line":84,"column":29},"end":{"line":84,"column":36}},{"start":{"line":84,"column":40},"end":{"line":84,"column":47}}],"line":84},"14":{"loc":{"start":{"line":103,"column":6},"end":{"line":105,"column":7}},"type":"if","locations":[{"start":{"line":103,"column":6},"end":{"line":105,"column":7}},{"start":{},"end":{}}],"line":103},"15":{"loc":{"start":{"line":120,"column":2},"end":{"line":120,"column":36}},"type":"if","locations":[{"start":{"line":120,"column":2},"end":{"line":120,"column":36}},{"start":{},"end":{}}],"line":120},"16":{"loc":{"start":{"line":127,"column":4},"end":{"line":130,"column":17}},"type":"if","locations":[{"start":{"line":127,"column":4},"end":{"line":130,"column":17}},{"start":{"line":130,"column":11},"end":{"line":130,"column":17}}],"line":127}},"s":{"0":0,"1":0,"2":0,"3":0,"4":0,"5":0,"6":0,"7":0,"8":0,"9":0,"10":0,"11":0,"12":0,"13":0,"14":0,"15":0,"16":0,"17":0,"18":0,"19":0,"20":0,"21":0,"22":0,"23":0,"24":0,"25":0,"26":0,"27":0,"28":0,"29":0,"30":0,"31":0,"32":0,"33":0,"34":0,"35":0,"36":0,"37":0,"38":0,"39":0,"40":0,"41":0,"42":0,"43":0,"44":0,"45":0,"46":0,"47":0,"48":0,"49":0,"50":0,"51":0,"52":0,"53":0,"54":0,"55":0,"56":0,"57":0,"58":0,"59":0,"60":0,"61":0,"62":0,"63":0,"64":0,"65":0,"66":0,"67":0,"68":0,"69":0,"70":0,"71":0,"72":0,"73":0,"74":0},"f":{"0":0,"1":0,"2":0,"3":0,"4":0,"5":0,"6":0,"7":0},"b":{"0":[0,0],"1":[0,0],"2":[0,0,0],"3":[0,0],"4":[0,0],"5":[0,0],"6":[0,0],"7":[0,0,0],"8":[0,0],"9":[0,0],"10":[0,0],"11":[0,0],"12":[0,0],"13":[0,0,0],"14":[0,0],"15":[0,0],"16":[0,0]}}
}
