{"/home/mat/dev/HandstandApp-Api/server.js": {"path":"/home/mat/dev/HandstandApp-Api/server.js","statementMap":{"0":{"start":{"line":1,"column":0},"end":{"line":1,"column":27}},"1":{"start":{"line":2,"column":16},"end":{"line":2,"column":34}},"2":{"start":{"line":3,"column":16},"end":{"line":3,"column":42}},"3":{"start":{"line":4,"column":18},"end":{"line":4,"column":55}},"4":{"start":{"line":5,"column":17},"end":{"line":5,"column":30}},"5":{"start":{"line":6,"column":13},"end":{"line":6,"column":28}},"6":{"start":{"line":7,"column":13},"end":{"line":7,"column":28}},"7":{"start":{"line":8,"column":11},"end":{"line":8,"column":24}},"8":{"start":{"line":10,"column":21},"end":{"line":10,"column":58}},"9":{"start":{"line":11,"column":0},"end":{"line":14,"column":1}},"10":{"start":{"line":12,"column":2},"end":{"line":12,"column":68}},"11":{"start":{"line":13,"column":2},"end":{"line":13,"column":18}},"12":{"start":{"line":16,"column":12},"end":{"line":16,"column":21}},"13":{"start":{"line":17,"column":13},"end":{"line":17,"column":37}},"14":{"start":{"line":20,"column":13},"end":{"line":23,"column":2}},"15":{"start":{"line":26,"column":0},"end":{"line":49,"column":5}},"16":{"start":{"line":27,"column":2},"end":{"line":33,"column":3}},"17":{"start":{"line":28,"column":19},"end":{"line":28,"column":84}},"18":{"start":{"line":29,"column":4},"end":{"line":29,"column":29}},"19":{"start":{"line":30,"column":4},"end":{"line":30,"column":41}},"20":{"start":{"line":32,"column":4},"end":{"line":32,"column":55}},"21":{"start":{"line":36,"column":2},"end":{"line":48,"column":3}},"22":{"start":{"line":38,"column":4},"end":{"line":40,"column":7}},"23":{"start":{"line":41,"column":4},"end":{"line":41,"column":49}},"24":{"start":{"line":43,"column":4},"end":{"line":47,"column":5}},"25":{"start":{"line":44,"column":6},"end":{"line":44,"column":60}},"26":{"start":{"line":46,"column":6},"end":{"line":46,"column":55}},"27":{"start":{"line":52,"column":0},"end":{"line":60,"column":5}},"28":{"start":{"line":53,"column":20},"end":{"line":53,"column":77}},"29":{"start":{"line":54,"column":21},"end":{"line":54,"column":85}},"30":{"start":{"line":55,"column":2},"end":{"line":59,"column":3}},"31":{"start":{"line":56,"column":4},"end":{"line":58,"column":6}},"32":{"start":{"line":63,"column":24},"end":{"line":63,"column":91}},"33":{"start":{"line":64,"column":0},"end":{"line":64,"column":26}},"34":{"start":{"line":65,"column":0},"end":{"line":73,"column":4}},"35":{"start":{"line":68,"column":4},"end":{"line":68,"column":39}},"36":{"start":{"line":68,"column":17},"end":{"line":68,"column":39}},"37":{"start":{"line":69,"column":4},"end":{"line":69,"column":64}},"38":{"start":{"line":69,"column":42},"end":{"line":69,"column":64}},"39":{"start":{"line":70,"column":4},"end":{"line":70,"column":20}},"40":{"start":{"line":75,"column":0},"end":{"line":75,"column":24}},"41":{"start":{"line":76,"column":0},"end":{"line":76,"column":48}},"42":{"start":{"line":79,"column":0},"end":{"line":90,"column":4}},"43":{"start":{"line":93,"column":0},"end":{"line":93,"column":48}},"44":{"start":{"line":94,"column":0},"end":{"line":94,"column":52}},"45":{"start":{"line":97,"column":0},"end":{"line":97,"column":61}},"46":{"start":{"line":97,"column":33},"end":{"line":97,"column":59}},"47":{"start":{"line":99,"column":0},"end":{"line":99,"column":77}},"48":{"start":{"line":99,"column":23},"end":{"line":99,"column":75}}},"fnMap":{"0":{"name":"(anonymous_0)","decl":{"start":{"line":26,"column":1},"end":{"line":26,"column":2}},"loc":{"start":{"line":26,"column":13},"end":{"line":49,"column":1}},"line":26},"1":{"name":"checkForgotPasswordEmailConfig","decl":{"start":{"line":52,"column":10},"end":{"line":52,"column":40}},"loc":{"start":{"line":52,"column":43},"end":{"line":60,"column":1}},"line":52},"2":{"name":"(anonymous_2)","decl":{"start":{"line":66,"column":10},"end":{"line":66,"column":11}},"loc":{"start":{"line":66,"column":32},"end":{"line":71,"column":3}},"line":66},"3":{"name":"(anonymous_3)","decl":{"start":{"line":97,"column":19},"end":{"line":97,"column":20}},"loc":{"start":{"line":97,"column":33},"end":{"line":97,"column":59}},"line":97},"4":{"name":"(anonymous_4)","decl":{"start":{"line":99,"column":17},"end":{"line":99,"column":18}},"loc":{"start":{"line":99,"column":23},"end":{"line":99,"column":75}},"line":99}},"branchMap":{"0":{"loc":{"start":{"line":11,"column":0},"end":{"line":14,"column":1}},"type":"if","locations":[{"start":{"line":11,"column":0},"end":{"line":14,"column":1}},{"start":{},"end":{}}],"line":11},"1":{"loc":{"start":{"line":11,"column":4},"end":{"line":11,"column":47}},"type":"binary-expr","locations":[{"start":{"line":11,"column":4},"end":{"line":11,"column":16}},{"start":{"line":11,"column":20},"end":{"line":11,"column":47}}],"line":11},"2":{"loc":{"start":{"line":17,"column":13},"end":{"line":17,"column":37}},"type":"binary-expr","locations":[{"start":{"line":17,"column":13},"end":{"line":17,"column":29}},{"start":{"line":17,"column":33},"end":{"line":17,"column":37}}],"line":17},"3":{"loc":{"start":{"line":22,"column":7},"end":{"line":22,"column":84}},"type":"cond-expr","locations":[{"start":{"line":22,"column":47},"end":{"line":22,"column":76}},{"start":{"line":22,"column":79},"end":{"line":22,"column":84}}],"line":22},"4":{"loc":{"start":{"line":43,"column":4},"end":{"line":47,"column":5}},"type":"if","locations":[{"start":{"line":43,"column":4},"end":{"line":47,"column":5}},{"start":{"line":45,"column":11},"end":{"line":47,"column":5}}],"line":43},"5":{"loc":{"start":{"line":53,"column":23},"end":{"line":53,"column":76}},"type":"binary-expr","locations":[{"start":{"line":53,"column":23},"end":{"line":53,"column":49}},{"start":{"line":53,"column":53},"end":{"line":53,"column":76}}],"line":53},"6":{"loc":{"start":{"line":54,"column":24},"end":{"line":54,"column":84}},"type":"binary-expr","locations":[{"start":{"line":54,"column":24},"end":{"line":54,"column":51}},{"start":{"line":54,"column":55},"end":{"line":54,"column":84}}],"line":54},"7":{"loc":{"start":{"line":55,"column":2},"end":{"line":59,"column":3}},"type":"if","locations":[{"start":{"line":55,"column":2},"end":{"line":59,"column":3}},{"start":{},"end":{}}],"line":55},"8":{"loc":{"start":{"line":55,"column":6},"end":{"line":55,"column":31}},"type":"binary-expr","locations":[{"start":{"line":55,"column":6},"end":{"line":55,"column":16}},{"start":{"line":55,"column":20},"end":{"line":55,"column":31}}],"line":55},"9":{"loc":{"start":{"line":63,"column":25},"end":{"line":63,"column":79}},"type":"binary-expr","locations":[{"start":{"line":63,"column":25},"end":{"line":63,"column":52}},{"start":{"line":63,"column":56},"end":{"line":63,"column":79}}],"line":63},"10":{"loc":{"start":{"line":68,"column":4},"end":{"line":68,"column":39}},"type":"if","locations":[{"start":{"line":68,"column":4},"end":{"line":68,"column":39}},{"start":{},"end":{}}],"line":68},"11":{"loc":{"start":{"line":69,"column":4},"end":{"line":69,"column":64}},"type":"if","locations":[{"start":{"line":69,"column":4},"end":{"line":69,"column":64}},{"start":{},"end":{}}],"line":69},"12":{"loc":{"start":{"line":81,"column":10},"end":{"line":81,"column":72}},"type":"binary-expr","locations":[{"start":{"line":81,"column":10},"end":{"line":81,"column":36}},{"start":{"line":81,"column":40},"end":{"line":81,"column":72}}],"line":81},"13":{"loc":{"start":{"line":87,"column":14},"end":{"line":87,"column":68}},"type":"cond-expr","locations":[{"start":{"line":87,"column":54},"end":{"line":87,"column":60}},{"start":{"line":87,"column":63},"end":{"line":87,"column":68}}],"line":87}},"s":{"0":0,"1":0,"2":0,"3":0,"4":0,"5":0,"6":0,"7":0,"8":0,"9":0,"10":0,"11":0,"12":0,"13":0,"14":0,"15":0,"16":0,"17":0,"18":0,"19":0,"20":0,"21":0,"22":0,"23":0,"24":0,"25":0,"26":0,"27":0,"28":0,"29":0,"30":0,"31":0,"32":0,"33":0,"34":0,"35":0,"36":0,"37":0,"38":0,"39":0,"40":0,"41":0,"42":0,"43":0,"44":0,"45":0,"46":0,"47":0,"48":0},"f":{"0":0,"1":0,"2":0,"3":0,"4":0},"b":{"0":[0,0],"1":[0,0],"2":[0,0],"3":[0,0],"4":[0,0],"5":[0,0],"6":[0,0],"7":[0,0],"8":[0,0],"9":[0,0],"10":[0,0],"11":[0,0],"12":[0,0],"13":[0,0]}}
,"/home/mat/dev/HandstandApp-Api/middleware/auth.js": {"path":"/home/mat/dev/HandstandApp-Api/middleware/auth.js","statementMap":{"0":{"start":{"line":2,"column":2},"end":{"line":4,"column":3}},"1":{"start":{"line":3,"column":4},"end":{"line":3,"column":64}},"2":{"start":{"line":6,"column":2},"end":{"line":8,"column":3}},"3":{"start":{"line":7,"column":4},"end":{"line":7,"column":64}},"4":{"start":{"line":9,"column":2},"end":{"line":9,"column":9}},"5":{"start":{"line":12,"column":0},"end":{"line":12,"column":33}}},"fnMap":{"0":{"name":"requireAuth","decl":{"start":{"line":1,"column":9},"end":{"line":1,"column":20}},"loc":{"start":{"line":1,"column":37},"end":{"line":10,"column":1}},"line":1}},"branchMap":{"0":{"loc":{"start":{"line":2,"column":2},"end":{"line":4,"column":3}},"type":"if","locations":[{"start":{"line":2,"column":2},"end":{"line":4,"column":3}},{"start":{},"end":{}}],"line":2},"1":{"loc":{"start":{"line":2,"column":6},"end":{"line":2,"column":41}},"type":"binary-expr","locations":[{"start":{"line":2,"column":6},"end":{"line":2,"column":18}},{"start":{"line":2,"column":22},"end":{"line":2,"column":41}}],"line":2},"2":{"loc":{"start":{"line":6,"column":2},"end":{"line":8,"column":3}},"type":"if","locations":[{"start":{"line":6,"column":2},"end":{"line":8,"column":3}},{"start":{},"end":{}}],"line":6}},"s":{"0":0,"1":0,"2":0,"3":0,"4":0,"5":0},"f":{"0":0},"b":{"0":[0,0],"1":[0,0],"2":[0,0]}}
,"/home/mat/dev/HandstandApp-Api/routes/auth.js": {"path":"/home/mat/dev/HandstandApp-Api/routes/auth.js","statementMap":{"0":{"start":{"line":1,"column":16},"end":{"line":1,"column":34}},"1":{"start":{"line":2,"column":18},"end":{"line":2,"column":47}},"2":{"start":{"line":3,"column":15},"end":{"line":3,"column":34}},"3":{"start":{"line":4,"column":15},"end":{"line":4,"column":32}},"4":{"start":{"line":5,"column":24},"end":{"line":5,"column":53}},"5":{"start":{"line":6,"column":15},"end":{"line":6,"column":31}},"6":{"start":{"line":8,"column":34},"end":{"line":8,"column":35}},"7":{"start":{"line":9,"column":36},"end":{"line":9,"column":37}},"8":{"start":{"line":11,"column":20},"end":{"line":11,"column":48}},"9":{"start":{"line":12,"column":32},"end":{"line":12,"column":35}},"10":{"start":{"line":13,"column":33},"end":{"line":13,"column":34}},"11":{"start":{"line":16,"column":2},"end":{"line":16,"column":48}},"12":{"start":{"line":20,"column":2},"end":{"line":20,"column":65}},"13":{"start":{"line":26,"column":17},"end":{"line":26,"column":47}},"14":{"start":{"line":27,"column":23},"end":{"line":27,"column":60}},"15":{"start":{"line":29,"column":2},"end":{"line":34,"column":3}},"16":{"start":{"line":30,"column":4},"end":{"line":32,"column":5}},"17":{"start":{"line":31,"column":6},"end":{"line":31,"column":104}},"18":{"start":{"line":33,"column":4},"end":{"line":33,"column":18}},"19":{"start":{"line":36,"column":21},"end":{"line":36,"column":46}},"20":{"start":{"line":37,"column":17},"end":{"line":37,"column":41}},"21":{"start":{"line":38,"column":17},"end":{"line":38,"column":92}},"22":{"start":{"line":39,"column":19},"end":{"line":39,"column":35}},"23":{"start":{"line":40,"column":2},"end":{"line":42,"column":3}},"24":{"start":{"line":41,"column":4},"end":{"line":41,"column":77}},"25":{"start":{"line":43,"column":2},"end":{"line":43,"column":9}},"26":{"start":{"line":47,"column":25},"end":{"line":53,"column":2}},"27":{"start":{"line":56,"column":21},"end":{"line":62,"column":2}},"28":{"start":{"line":64,"column":0},"end":{"line":476,"column":2}},"29":{"start":{"line":67,"column":2},"end":{"line":84,"column":5}},"30":{"start":{"line":68,"column":4},"end":{"line":70,"column":5}},"31":{"start":{"line":69,"column":6},"end":{"line":69,"column":48}},"32":{"start":{"line":71,"column":4},"end":{"line":73,"column":5}},"33":{"start":{"line":72,"column":6},"end":{"line":72,"column":48}},"34":{"start":{"line":74,"column":4},"end":{"line":83,"column":5}},"35":{"start":{"line":75,"column":21},"end":{"line":78,"column":7}},"36":{"start":{"line":79,"column":6},"end":{"line":79,"column":73}},"37":{"start":{"line":79,"column":31},"end":{"line":79,"column":73}},"38":{"start":{"line":80,"column":6},"end":{"line":80,"column":62}},"39":{"start":{"line":82,"column":6},"end":{"line":82,"column":54}},"40":{"start":{"line":89,"column":82},"end":{"line":89,"column":90}},"41":{"start":{"line":90,"column":22},"end":{"line":90,"column":109}},"42":{"start":{"line":91,"column":4},"end":{"line":93,"column":5}},"43":{"start":{"line":92,"column":6},"end":{"line":92,"column":67}},"44":{"start":{"line":94,"column":4},"end":{"line":96,"column":5}},"45":{"start":{"line":95,"column":6},"end":{"line":95,"column":66}},"46":{"start":{"line":97,"column":4},"end":{"line":99,"column":5}},"47":{"start":{"line":98,"column":6},"end":{"line":98,"column":66}},"48":{"start":{"line":100,"column":4},"end":{"line":102,"column":5}},"49":{"start":{"line":101,"column":6},"end":{"line":101,"column":79}},"50":{"start":{"line":103,"column":4},"end":{"line":105,"column":5}},"51":{"start":{"line":104,"column":6},"end":{"line":104,"column":97}},"52":{"start":{"line":106,"column":22},"end":{"line":106,"column":59}},"53":{"start":{"line":107,"column":4},"end":{"line":109,"column":5}},"54":{"start":{"line":108,"column":6},"end":{"line":108,"column":70}},"55":{"start":{"line":110,"column":29},"end":{"line":110,"column":76}},"56":{"start":{"line":111,"column":4},"end":{"line":150,"column":5}},"57":{"start":{"line":112,"column":21},"end":{"line":112,"column":125}},"58":{"start":{"line":113,"column":24},"end":{"line":113,"column":89}},"59":{"start":{"line":114,"column":20},"end":{"line":114,"column":35}},"60":{"start":{"line":116,"column":6},"end":{"line":131,"column":7}},"61":{"start":{"line":117,"column":21},"end":{"line":117,"column":35}},"62":{"start":{"line":118,"column":8},"end":{"line":121,"column":10}},"63":{"start":{"line":122,"column":8},"end":{"line":125,"column":10}},"64":{"start":{"line":126,"column":8},"end":{"line":130,"column":11}},"65":{"start":{"line":133,"column":21},"end":{"line":136,"column":7}},"66":{"start":{"line":137,"column":19},"end":{"line":137,"column":33}},"67":{"start":{"line":138,"column":6},"end":{"line":141,"column":8}},"68":{"start":{"line":142,"column":6},"end":{"line":146,"column":9}},"69":{"start":{"line":148,"column":6},"end":{"line":148,"column":47}},"70":{"start":{"line":149,"column":6},"end":{"line":149,"column":63}},"71":{"start":{"line":154,"column":2},"end":{"line":154,"column":86}},"72":{"start":{"line":157,"column":2},"end":{"line":157,"column":97}},"73":{"start":{"line":160,"column":2},"end":{"line":192,"column":5}},"74":{"start":{"line":161,"column":64},"end":{"line":161,"column":72}},"75":{"start":{"line":162,"column":4},"end":{"line":164,"column":5}},"76":{"start":{"line":163,"column":6},"end":{"line":163,"column":73}},"77":{"start":{"line":165,"column":4},"end":{"line":167,"column":5}},"78":{"start":{"line":166,"column":6},"end":{"line":166,"column":88}},"79":{"start":{"line":168,"column":4},"end":{"line":170,"column":5}},"80":{"start":{"line":169,"column":6},"end":{"line":169,"column":72}},"81":{"start":{"line":171,"column":4},"end":{"line":173,"column":5}},"82":{"start":{"line":172,"column":6},"end":{"line":172,"column":78}},"83":{"start":{"line":174,"column":4},"end":{"line":191,"column":5}},"84":{"start":{"line":175,"column":21},"end":{"line":175,"column":99}},"85":{"start":{"line":176,"column":6},"end":{"line":178,"column":7}},"86":{"start":{"line":177,"column":8},"end":{"line":177,"column":76}},"87":{"start":{"line":179,"column":19},"end":{"line":179,"column":50}},"88":{"start":{"line":180,"column":21},"end":{"line":183,"column":7}},"89":{"start":{"line":184,"column":19},"end":{"line":184,"column":33}},"90":{"start":{"line":185,"column":6},"end":{"line":185,"column":35}},"91":{"start":{"line":186,"column":6},"end":{"line":186,"column":50}},"92":{"start":{"line":187,"column":6},"end":{"line":187,"column":37}},"93":{"start":{"line":189,"column":6},"end":{"line":189,"column":44}},"94":{"start":{"line":190,"column":6},"end":{"line":190,"column":63}},"95":{"start":{"line":195,"column":2},"end":{"line":219,"column":5}},"96":{"start":{"line":196,"column":32},"end":{"line":196,"column":40}},"97":{"start":{"line":197,"column":4},"end":{"line":199,"column":5}},"98":{"start":{"line":198,"column":6},"end":{"line":198,"column":81}},"99":{"start":{"line":200,"column":4},"end":{"line":218,"column":5}},"100":{"start":{"line":201,"column":21},"end":{"line":201,"column":98}},"101":{"start":{"line":202,"column":6},"end":{"line":204,"column":7}},"102":{"start":{"line":203,"column":8},"end":{"line":203,"column":77}},"103":{"start":{"line":205,"column":19},"end":{"line":205,"column":33}},"104":{"start":{"line":206,"column":20},"end":{"line":206,"column":70}},"105":{"start":{"line":207,"column":6},"end":{"line":209,"column":7}},"106":{"start":{"line":208,"column":8},"end":{"line":208,"column":77}},"107":{"start":{"line":210,"column":6},"end":{"line":210,"column":35}},"108":{"start":{"line":211,"column":6},"end":{"line":211,"column":50}},"109":{"start":{"line":212,"column":6},"end":{"line":214,"column":9}},"110":{"start":{"line":216,"column":6},"end":{"line":216,"column":41}},"111":{"start":{"line":217,"column":6},"end":{"line":217,"column":63}},"112":{"start":{"line":222,"column":2},"end":{"line":224,"column":5}},"113":{"start":{"line":223,"column":4},"end":{"line":223,"column":54}},"114":{"start":{"line":223,"column":30},"end":{"line":223,"column":52}},"115":{"start":{"line":229,"column":2},"end":{"line":250,"column":5}},"116":{"start":{"line":230,"column":18},"end":{"line":230,"column":65}},"117":{"start":{"line":231,"column":4},"end":{"line":231,"column":73}},"118":{"start":{"line":231,"column":16},"end":{"line":231,"column":73}},"119":{"start":{"line":232,"column":4},"end":{"line":249,"column":5}},"120":{"start":{"line":233,"column":16},"end":{"line":238,"column":7}},"121":{"start":{"line":239,"column":6},"end":{"line":239,"column":93}},"122":{"start":{"line":239,"column":26},"end":{"line":239,"column":93}},"123":{"start":{"line":240,"column":18},"end":{"line":240,"column":27}},"124":{"start":{"line":241,"column":19},"end":{"line":241,"column":117}},"125":{"start":{"line":242,"column":6},"end":{"line":242,"column":35}},"126":{"start":{"line":243,"column":6},"end":{"line":243,"column":50}},"127":{"start":{"line":244,"column":6},"end":{"line":244,"column":44}},"128":{"start":{"line":245,"column":6},"end":{"line":245,"column":25}},"129":{"start":{"line":247,"column":6},"end":{"line":247,"column":63}},"130":{"start":{"line":248,"column":6},"end":{"line":248,"column":54}},"131":{"start":{"line":254,"column":2},"end":{"line":288,"column":5}},"132":{"start":{"line":255,"column":83},"end":{"line":255,"column":91}},"133":{"start":{"line":256,"column":16},"end":{"line":256,"column":39}},"134":{"start":{"line":257,"column":20},"end":{"line":257,"column":58}},"135":{"start":{"line":258,"column":4},"end":{"line":258,"column":73}},"136":{"start":{"line":258,"column":16},"end":{"line":258,"column":73}},"137":{"start":{"line":259,"column":4},"end":{"line":259,"column":81}},"138":{"start":{"line":259,"column":14},"end":{"line":259,"column":81}},"139":{"start":{"line":260,"column":4},"end":{"line":260,"column":106}},"140":{"start":{"line":260,"column":24},"end":{"line":260,"column":106}},"141":{"start":{"line":261,"column":4},"end":{"line":263,"column":5}},"142":{"start":{"line":262,"column":6},"end":{"line":262,"column":72}},"143":{"start":{"line":264,"column":4},"end":{"line":287,"column":5}},"144":{"start":{"line":265,"column":16},"end":{"line":269,"column":7}},"145":{"start":{"line":270,"column":6},"end":{"line":270,"column":93}},"146":{"start":{"line":270,"column":26},"end":{"line":270,"column":93}},"147":{"start":{"line":271,"column":21},"end":{"line":271,"column":38}},"148":{"start":{"line":272,"column":19},"end":{"line":272,"column":45}},"149":{"start":{"line":273,"column":6},"end":{"line":273,"column":112}},"150":{"start":{"line":274,"column":6},"end":{"line":274,"column":130}},"151":{"start":{"line":275,"column":25},"end":{"line":278,"column":7}},"152":{"start":{"line":279,"column":19},"end":{"line":279,"column":37}},"153":{"start":{"line":280,"column":6},"end":{"line":280,"column":35}},"154":{"start":{"line":281,"column":6},"end":{"line":281,"column":50}},"155":{"start":{"line":282,"column":6},"end":{"line":282,"column":44}},"156":{"start":{"line":283,"column":6},"end":{"line":283,"column":25}},"157":{"start":{"line":285,"column":6},"end":{"line":285,"column":48}},"158":{"start":{"line":286,"column":6},"end":{"line":286,"column":63}},"159":{"start":{"line":292,"column":2},"end":{"line":342,"column":5}},"160":{"start":{"line":293,"column":22},"end":{"line":293,"column":30}},"161":{"start":{"line":294,"column":22},"end":{"line":294,"column":77}},"162":{"start":{"line":295,"column":4},"end":{"line":295,"column":81}},"163":{"start":{"line":295,"column":20},"end":{"line":295,"column":81}},"164":{"start":{"line":296,"column":4},"end":{"line":296,"column":102}},"165":{"start":{"line":296,"column":38},"end":{"line":296,"column":102}},"166":{"start":{"line":297,"column":20},"end":{"line":297,"column":86}},"167":{"start":{"line":298,"column":25},"end":{"line":298,"column":93}},"168":{"start":{"line":299,"column":4},"end":{"line":341,"column":5}},"169":{"start":{"line":300,"column":25},"end":{"line":300,"column":95}},"170":{"start":{"line":301,"column":6},"end":{"line":303,"column":7}},"171":{"start":{"line":302,"column":8},"end":{"line":302,"column":38}},"172":{"start":{"line":304,"column":21},"end":{"line":304,"column":42}},"173":{"start":{"line":305,"column":20},"end":{"line":305,"column":35}},"174":{"start":{"line":306,"column":24},"end":{"line":306,"column":91}},"175":{"start":{"line":307,"column":6},"end":{"line":310,"column":8}},"176":{"start":{"line":311,"column":29},"end":{"line":311,"column":105}},"177":{"start":{"line":313,"column":6},"end":{"line":329,"column":7}},"178":{"start":{"line":314,"column":27},"end":{"line":314,"column":44}},"179":{"start":{"line":315,"column":23},"end":{"line":315,"column":61}},"180":{"start":{"line":316,"column":32},"end":{"line":321,"column":10}},"181":{"start":{"line":322,"column":8},"end":{"line":328,"column":9}},"182":{"start":{"line":323,"column":10},"end":{"line":323,"column":81}},"183":{"start":{"line":325,"column":10},"end":{"line":327,"column":11}},"184":{"start":{"line":326,"column":12},"end":{"line":326,"column":64}},"185":{"start":{"line":333,"column":27},"end":{"line":333,"column":64}},"186":{"start":{"line":334,"column":6},"end":{"line":336,"column":7}},"187":{"start":{"line":335,"column":8},"end":{"line":335,"column":60}},"188":{"start":{"line":337,"column":6},"end":{"line":337,"column":29}},"189":{"start":{"line":339,"column":6},"end":{"line":339,"column":51}},"190":{"start":{"line":340,"column":6},"end":{"line":340,"column":63}},"191":{"start":{"line":345,"column":2},"end":{"line":374,"column":5}},"192":{"start":{"line":346,"column":50},"end":{"line":346,"column":58}},"193":{"start":{"line":347,"column":4},"end":{"line":347,"column":73}},"194":{"start":{"line":347,"column":16},"end":{"line":347,"column":73}},"195":{"start":{"line":348,"column":4},"end":{"line":348,"column":83}},"196":{"start":{"line":348,"column":19},"end":{"line":348,"column":83}},"197":{"start":{"line":349,"column":4},"end":{"line":349,"column":111}},"198":{"start":{"line":349,"column":29},"end":{"line":349,"column":111}},"199":{"start":{"line":350,"column":4},"end":{"line":350,"column":119}},"200":{"start":{"line":350,"column":53},"end":{"line":350,"column":119}},"201":{"start":{"line":351,"column":4},"end":{"line":373,"column":5}},"202":{"start":{"line":352,"column":16},"end":{"line":356,"column":7}},"203":{"start":{"line":357,"column":6},"end":{"line":357,"column":93}},"204":{"start":{"line":357,"column":26},"end":{"line":357,"column":93}},"205":{"start":{"line":358,"column":21},"end":{"line":358,"column":38}},"206":{"start":{"line":359,"column":19},"end":{"line":359,"column":50}},"207":{"start":{"line":360,"column":6},"end":{"line":360,"column":112}},"208":{"start":{"line":361,"column":6},"end":{"line":361,"column":111}},"209":{"start":{"line":362,"column":25},"end":{"line":365,"column":7}},"210":{"start":{"line":366,"column":19},"end":{"line":366,"column":37}},"211":{"start":{"line":367,"column":6},"end":{"line":367,"column":35}},"212":{"start":{"line":368,"column":6},"end":{"line":368,"column":50}},"213":{"start":{"line":369,"column":6},"end":{"line":369,"column":25}},"214":{"start":{"line":371,"column":6},"end":{"line":371,"column":50}},"215":{"start":{"line":372,"column":6},"end":{"line":372,"column":63}},"216":{"start":{"line":377,"column":2},"end":{"line":404,"column":5}},"217":{"start":{"line":378,"column":65},"end":{"line":378,"column":73}},"218":{"start":{"line":379,"column":4},"end":{"line":381,"column":5}},"219":{"start":{"line":380,"column":6},"end":{"line":380,"column":73}},"220":{"start":{"line":382,"column":4},"end":{"line":384,"column":5}},"221":{"start":{"line":383,"column":6},"end":{"line":383,"column":88}},"222":{"start":{"line":385,"column":4},"end":{"line":387,"column":5}},"223":{"start":{"line":386,"column":6},"end":{"line":386,"column":76}},"224":{"start":{"line":388,"column":4},"end":{"line":403,"column":5}},"225":{"start":{"line":389,"column":21},"end":{"line":389,"column":106}},"226":{"start":{"line":390,"column":6},"end":{"line":392,"column":7}},"227":{"start":{"line":391,"column":8},"end":{"line":391,"column":66}},"228":{"start":{"line":393,"column":20},"end":{"line":393,"column":88}},"229":{"start":{"line":394,"column":6},"end":{"line":396,"column":7}},"230":{"start":{"line":395,"column":8},"end":{"line":395,"column":81}},"231":{"start":{"line":397,"column":19},"end":{"line":397,"column":54}},"232":{"start":{"line":398,"column":6},"end":{"line":398,"column":118}},"233":{"start":{"line":399,"column":6},"end":{"line":399,"column":29}},"234":{"start":{"line":401,"column":6},"end":{"line":401,"column":51}},"235":{"start":{"line":402,"column":6},"end":{"line":402,"column":68}},"236":{"start":{"line":407,"column":2},"end":{"line":434,"column":5}},"237":{"start":{"line":408,"column":36},"end":{"line":408,"column":44}},"238":{"start":{"line":409,"column":4},"end":{"line":433,"column":5}},"239":{"start":{"line":410,"column":22},"end":{"line":410,"column":24}},"240":{"start":{"line":411,"column":21},"end":{"line":411,"column":23}},"241":{"start":{"line":412,"column":21},"end":{"line":412,"column":22}},"242":{"start":{"line":413,"column":6},"end":{"line":416,"column":7}},"243":{"start":{"line":414,"column":8},"end":{"line":414,"column":45}},"244":{"start":{"line":415,"column":8},"end":{"line":415,"column":27}},"245":{"start":{"line":417,"column":6},"end":{"line":420,"column":7}},"246":{"start":{"line":418,"column":8},"end":{"line":418,"column":52}},"247":{"start":{"line":419,"column":8},"end":{"line":419,"column":41}},"248":{"start":{"line":421,"column":6},"end":{"line":423,"column":7}},"249":{"start":{"line":422,"column":8},"end":{"line":422,"column":77}},"250":{"start":{"line":424,"column":6},"end":{"line":424,"column":38}},"251":{"start":{"line":425,"column":21},"end":{"line":428,"column":7}},"252":{"start":{"line":429,"column":6},"end":{"line":429,"column":41}},"253":{"start":{"line":431,"column":6},"end":{"line":431,"column":51}},"254":{"start":{"line":432,"column":6},"end":{"line":432,"column":68}},"255":{"start":{"line":437,"column":2},"end":{"line":447,"column":5}},"256":{"start":{"line":438,"column":4},"end":{"line":446,"column":5}},"257":{"start":{"line":439,"column":6},"end":{"line":439,"column":91}},"258":{"start":{"line":440,"column":6},"end":{"line":440,"column":89}},"259":{"start":{"line":441,"column":6},"end":{"line":441,"column":111}},"260":{"start":{"line":442,"column":6},"end":{"line":442,"column":29}},"261":{"start":{"line":444,"column":6},"end":{"line":444,"column":50}},"262":{"start":{"line":445,"column":6},"end":{"line":445,"column":67}},"263":{"start":{"line":450,"column":2},"end":{"line":464,"column":5}},"264":{"start":{"line":451,"column":4},"end":{"line":463,"column":5}},"265":{"start":{"line":452,"column":6},"end":{"line":457,"column":7}},"266":{"start":{"line":452,"column":23},"end":{"line":452,"column":24}},"267":{"start":{"line":453,"column":8},"end":{"line":456,"column":10}},"268":{"start":{"line":458,"column":6},"end":{"line":458,"column":111}},"269":{"start":{"line":459,"column":6},"end":{"line":459,"column":29}},"270":{"start":{"line":461,"column":6},"end":{"line":461,"column":46}},"271":{"start":{"line":462,"column":6},"end":{"line":462,"column":66}},"272":{"start":{"line":467,"column":2},"end":{"line":473,"column":5}},"273":{"start":{"line":468,"column":4},"end":{"line":472,"column":5}},"274":{"start":{"line":469,"column":6},"end":{"line":469,"column":63}},"275":{"start":{"line":471,"column":6},"end":{"line":471,"column":76}},"276":{"start":{"line":475,"column":2},"end":{"line":475,"column":16}}},"fnMap":{"0":{"name":"generateToken","decl":{"start":{"line":15,"column":9},"end":{"line":15,"column":22}},"loc":{"start":{"line":15,"column":25},"end":{"line":17,"column":1}},"line":15},"1":{"name":"hashToken","decl":{"start":{"line":19,"column":9},"end":{"line":19,"column":18}},"loc":{"start":{"line":19,"column":26},"end":{"line":21,"column":1}},"line":19},"2":{"name":"requireTrackerApiSecret","decl":{"start":{"line":25,"column":9},"end":{"line":25,"column":32}},"loc":{"start":{"line":25,"column":49},"end":{"line":44,"column":1}},"line":25},"3":{"name":"(anonymous_3)","decl":{"start":{"line":64,"column":17},"end":{"line":64,"column":18}},"loc":{"start":{"line":64,"column":33},"end":{"line":476,"column":1}},"line":64},"4":{"name":"(anonymous_4)","decl":{"start":{"line":67,"column":25},"end":{"line":67,"column":26}},"loc":{"start":{"line":67,"column":45},"end":{"line":84,"column":3}},"line":67},"5":{"name":"createUserHandler","decl":{"start":{"line":88,"column":17},"end":{"line":88,"column":34}},"loc":{"start":{"line":88,"column":45},"end":{"line":151,"column":3}},"line":88},"6":{"name":"(anonymous_6)","decl":{"start":{"line":160,"column":50},"end":{"line":160,"column":51}},"loc":{"start":{"line":160,"column":70},"end":{"line":192,"column":3}},"line":160},"7":{"name":"(anonymous_7)","decl":{"start":{"line":195,"column":43},"end":{"line":195,"column":44}},"loc":{"start":{"line":195,"column":63},"end":{"line":219,"column":3}},"line":195},"8":{"name":"(anonymous_8)","decl":{"start":{"line":222,"column":30},"end":{"line":222,"column":31}},"loc":{"start":{"line":222,"column":44},"end":{"line":224,"column":3}},"line":222},"9":{"name":"(anonymous_9)","decl":{"start":{"line":223,"column":24},"end":{"line":223,"column":25}},"loc":{"start":{"line":223,"column":30},"end":{"line":223,"column":52}},"line":223},"10":{"name":"(anonymous_10)","decl":{"start":{"line":229,"column":50},"end":{"line":229,"column":51}},"loc":{"start":{"line":229,"column":70},"end":{"line":250,"column":3}},"line":229},"11":{"name":"(anonymous_11)","decl":{"start":{"line":254,"column":54},"end":{"line":254,"column":55}},"loc":{"start":{"line":254,"column":74},"end":{"line":288,"column":3}},"line":254},"12":{"name":"(anonymous_12)","decl":{"start":{"line":292,"column":57},"end":{"line":292,"column":58}},"loc":{"start":{"line":292,"column":77},"end":{"line":342,"column":3}},"line":292},"13":{"name":"(anonymous_13)","decl":{"start":{"line":345,"column":38},"end":{"line":345,"column":39}},"loc":{"start":{"line":345,"column":58},"end":{"line":374,"column":3}},"line":345},"14":{"name":"(anonymous_14)","decl":{"start":{"line":377,"column":52},"end":{"line":377,"column":53}},"loc":{"start":{"line":377,"column":72},"end":{"line":404,"column":3}},"line":377},"15":{"name":"(anonymous_15)","decl":{"start":{"line":407,"column":44},"end":{"line":407,"column":45}},"loc":{"start":{"line":407,"column":64},"end":{"line":434,"column":3}},"line":407},"16":{"name":"(anonymous_16)","decl":{"start":{"line":437,"column":51},"end":{"line":437,"column":52}},"loc":{"start":{"line":437,"column":71},"end":{"line":447,"column":3}},"line":437},"17":{"name":"(anonymous_17)","decl":{"start":{"line":450,"column":47},"end":{"line":450,"column":48}},"loc":{"start":{"line":450,"column":67},"end":{"line":464,"column":3}},"line":450},"18":{"name":"(anonymous_18)","decl":{"start":{"line":467,"column":37},"end":{"line":467,"column":38}},"loc":{"start":{"line":467,"column":51},"end":{"line":473,"column":3}},"line":467}},"branchMap":{"0":{"loc":{"start":{"line":29,"column":2},"end":{"line":34,"column":3}},"type":"if","locations":[{"start":{"line":29,"column":2},"end":{"line":34,"column":3}},{"start":{},"end":{}}],"line":29},"1":{"loc":{"start":{"line":30,"column":4},"end":{"line":32,"column":5}},"type":"if","locations":[{"start":{"line":30,"column":4},"end":{"line":32,"column":5}},{"start":{},"end":{}}],"line":30},"2":{"loc":{"start":{"line":38,"column":17},"end":{"line":38,"column":92}},"type":"cond-expr","locations":[{"start":{"line":38,"column":66},"end":{"line":38,"column":85}},{"start":{"line":38,"column":88},"end":{"line":38,"column":92}}],"line":38},"3":{"loc":{"start":{"line":38,"column":17},"end":{"line":38,"column":63}},"type":"binary-expr","locations":[{"start":{"line":38,"column":17},"end":{"line":38,"column":27}},{"start":{"line":38,"column":31},"end":{"line":38,"column":63}}],"line":38},"4":{"loc":{"start":{"line":39,"column":19},"end":{"line":39,"column":35}},"type":"binary-expr","locations":[{"start":{"line":39,"column":19},"end":{"line":39,"column":25}},{"start":{"line":39,"column":29},"end":{"line":39,"column":35}}],"line":39},"5":{"loc":{"start":{"line":40,"column":2},"end":{"line":42,"column":3}},"type":"if","locations":[{"start":{"line":40,"column":2},"end":{"line":42,"column":3}},{"start":{},"end":{}}],"line":40},"6":{"loc":{"start":{"line":40,"column":6},"end":{"line":40,"column":38}},"type":"binary-expr","locations":[{"start":{"line":40,"column":6},"end":{"line":40,"column":15}},{"start":{"line":40,"column":19},"end":{"line":40,"column":38}}],"line":40},"7":{"loc":{"start":{"line":68,"column":4},"end":{"line":70,"column":5}},"type":"if","locations":[{"start":{"line":68,"column":4},"end":{"line":70,"column":5}},{"start":{},"end":{}}],"line":68},"8":{"loc":{"start":{"line":68,"column":8},"end":{"line":68,"column":43}},"type":"binary-expr","locations":[{"start":{"line":68,"column":8},"end":{"line":68,"column":20}},{"start":{"line":68,"column":24},"end":{"line":68,"column":43}}],"line":68},"9":{"loc":{"start":{"line":71,"column":4},"end":{"line":73,"column":5}},"type":"if","locations":[{"start":{"line":71,"column":4},"end":{"line":73,"column":5}},{"start":{},"end":{}}],"line":71},"10":{"loc":{"start":{"line":79,"column":6},"end":{"line":79,"column":73}},"type":"if","locations":[{"start":{"line":79,"column":6},"end":{"line":79,"column":73}},{"start":{},"end":{}}],"line":79},"11":{"loc":{"start":{"line":90,"column":23},"end":{"line":90,"column":101}},"type":"cond-expr","locations":[{"start":{"line":90,"column":38},"end":{"line":90,"column":50}},{"start":{"line":90,"column":53},"end":{"line":90,"column":101}}],"line":90},"12":{"loc":{"start":{"line":90,"column":53},"end":{"line":90,"column":101}},"type":"cond-expr","locations":[{"start":{"line":90,"column":76},"end":{"line":90,"column":96}},{"start":{"line":90,"column":99},"end":{"line":90,"column":101}}],"line":90},"13":{"loc":{"start":{"line":91,"column":4},"end":{"line":93,"column":5}},"type":"if","locations":[{"start":{"line":91,"column":4},"end":{"line":93,"column":5}},{"start":{},"end":{}}],"line":91},"14":{"loc":{"start":{"line":91,"column":8},"end":{"line":91,"column":42}},"type":"binary-expr","locations":[{"start":{"line":91,"column":8},"end":{"line":91,"column":14}},{"start":{"line":91,"column":18},"end":{"line":91,"column":42}}],"line":91},"15":{"loc":{"start":{"line":94,"column":4},"end":{"line":96,"column":5}},"type":"if","locations":[{"start":{"line":94,"column":4},"end":{"line":96,"column":5}},{"start":{},"end":{}}],"line":94},"16":{"loc":{"start":{"line":97,"column":4},"end":{"line":99,"column":5}},"type":"if","locations":[{"start":{"line":97,"column":4},"end":{"line":99,"column":5}},{"start":{},"end":{}}],"line":97},"17":{"loc":{"start":{"line":100,"column":4},"end":{"line":102,"column":5}},"type":"if","locations":[{"start":{"line":100,"column":4},"end":{"line":102,"column":5}},{"start":{},"end":{}}],"line":100},"18":{"loc":{"start":{"line":100,"column":8},"end":{"line":100,"column":96}},"type":"binary-expr","locations":[{"start":{"line":100,"column":8},"end":{"line":100,"column":26}},{"start":{"line":100,"column":30},"end":{"line":100,"column":67}},{"start":{"line":100,"column":71},"end":{"line":100,"column":96}}],"line":100},"19":{"loc":{"start":{"line":103,"column":4},"end":{"line":105,"column":5}},"type":"if","locations":[{"start":{"line":103,"column":4},"end":{"line":105,"column":5}},{"start":{},"end":{}}],"line":103},"20":{"loc":{"start":{"line":107,"column":4},"end":{"line":109,"column":5}},"type":"if","locations":[{"start":{"line":107,"column":4},"end":{"line":109,"column":5}},{"start":{},"end":{}}],"line":107},"21":{"loc":{"start":{"line":116,"column":6},"end":{"line":131,"column":7}},"type":"if","locations":[{"start":{"line":116,"column":6},"end":{"line":131,"column":7}},{"start":{},"end":{}}],"line":116},"22":{"loc":{"start":{"line":162,"column":4},"end":{"line":164,"column":5}},"type":"if","locations":[{"start":{"line":162,"column":4},"end":{"line":164,"column":5}},{"start":{},"end":{}}],"line":162},"23":{"loc":{"start":{"line":162,"column":8},"end":{"line":162,"column":65}},"type":"binary-expr","locations":[{"start":{"line":162,"column":8},"end":{"line":162,"column":14}},{"start":{"line":162,"column":18},"end":{"line":162,"column":27}},{"start":{"line":162,"column":31},"end":{"line":162,"column":48}},{"start":{"line":162,"column":52},"end":{"line":162,"column":65}}],"line":162},"24":{"loc":{"start":{"line":165,"column":4},"end":{"line":167,"column":5}},"type":"if","locations":[{"start":{"line":165,"column":4},"end":{"line":167,"column":5}},{"start":{},"end":{}}],"line":165},"25":{"loc":{"start":{"line":168,"column":4},"end":{"line":170,"column":5}},"type":"if","locations":[{"start":{"line":168,"column":4},"end":{"line":170,"column":5}},{"start":{},"end":{}}],"line":168},"26":{"loc":{"start":{"line":171,"column":4},"end":{"line":173,"column":5}},"type":"if","locations":[{"start":{"line":171,"column":4},"end":{"line":173,"column":5}},{"start":{},"end":{}}],"line":171},"27":{"loc":{"start":{"line":176,"column":6},"end":{"line":178,"column":7}},"type":"if","locations":[{"start":{"line":176,"column":6},"end":{"line":178,"column":7}},{"start":{},"end":{}}],"line":176},"28":{"loc":{"start":{"line":197,"column":4},"end":{"line":199,"column":5}},"type":"if","locations":[{"start":{"line":197,"column":4},"end":{"line":199,"column":5}},{"start":{},"end":{}}],"line":197},"29":{"loc":{"start":{"line":197,"column":8},"end":{"line":197,"column":27}},"type":"binary-expr","locations":[{"start":{"line":197,"column":8},"end":{"line":197,"column":14}},{"start":{"line":197,"column":18},"end":{"line":197,"column":27}}],"line":197},"30":{"loc":{"start":{"line":202,"column":6},"end":{"line":204,"column":7}},"type":"if","locations":[{"start":{"line":202,"column":6},"end":{"line":204,"column":7}},{"start":{},"end":{}}],"line":202},"31":{"loc":{"start":{"line":207,"column":6},"end":{"line":209,"column":7}},"type":"if","locations":[{"start":{"line":207,"column":6},"end":{"line":209,"column":7}},{"start":{},"end":{}}],"line":207},"32":{"loc":{"start":{"line":230,"column":18},"end":{"line":230,"column":65}},"type":"binary-expr","locations":[{"start":{"line":230,"column":18},"end":{"line":230,"column":33}},{"start":{"line":230,"column":37},"end":{"line":230,"column":65}}],"line":230},"33":{"loc":{"start":{"line":231,"column":4},"end":{"line":231,"column":73}},"type":"if","locations":[{"start":{"line":231,"column":4},"end":{"line":231,"column":73}},{"start":{},"end":{}}],"line":231},"34":{"loc":{"start":{"line":239,"column":6},"end":{"line":239,"column":93}},"type":"if","locations":[{"start":{"line":239,"column":6},"end":{"line":239,"column":93}},{"start":{},"end":{}}],"line":239},"35":{"loc":{"start":{"line":256,"column":16},"end":{"line":256,"column":39}},"type":"binary-expr","locations":[{"start":{"line":256,"column":16},"end":{"line":256,"column":27}},{"start":{"line":256,"column":31},"end":{"line":256,"column":39}}],"line":256},"36":{"loc":{"start":{"line":257,"column":20},"end":{"line":257,"column":58}},"type":"binary-expr","locations":[{"start":{"line":257,"column":20},"end":{"line":257,"column":36}},{"start":{"line":257,"column":40},"end":{"line":257,"column":58}}],"line":257},"37":{"loc":{"start":{"line":258,"column":4},"end":{"line":258,"column":73}},"type":"if","locations":[{"start":{"line":258,"column":4},"end":{"line":258,"column":73}},{"start":{},"end":{}}],"line":258},"38":{"loc":{"start":{"line":259,"column":4},"end":{"line":259,"column":81}},"type":"if","locations":[{"start":{"line":259,"column":4},"end":{"line":259,"column":81}},{"start":{},"end":{}}],"line":259},"39":{"loc":{"start":{"line":260,"column":4},"end":{"line":260,"column":106}},"type":"if","locations":[{"start":{"line":260,"column":4},"end":{"line":260,"column":106}},{"start":{},"end":{}}],"line":260},"40":{"loc":{"start":{"line":261,"column":4},"end":{"line":263,"column":5}},"type":"if","locations":[{"start":{"line":261,"column":4},"end":{"line":263,"column":5}},{"start":{},"end":{}}],"line":261},"41":{"loc":{"start":{"line":261,"column":8},"end":{"line":261,"column":48}},"type":"binary-expr","locations":[{"start":{"line":261,"column":8},"end":{"line":261,"column":29}},{"start":{"line":261,"column":33},"end":{"line":261,"column":48}}],"line":261},"42":{"loc":{"start":{"line":270,"column":6},"end":{"line":270,"column":93}},"type":"if","locations":[{"start":{"line":270,"column":6},"end":{"line":270,"column":93}},{"start":{},"end":{}}],"line":270},"43":{"loc":{"start":{"line":294,"column":22},"end":{"line":294,"column":77}},"type":"cond-expr","locations":[{"start":{"line":294,"column":38},"end":{"line":294,"column":72}},{"start":{"line":294,"column":75},"end":{"line":294,"column":77}}],"line":294},"44":{"loc":{"start":{"line":295,"column":4},"end":{"line":295,"column":81}},"type":"if","locations":[{"start":{"line":295,"column":4},"end":{"line":295,"column":81}},{"start":{},"end":{}}],"line":295},"45":{"loc":{"start":{"line":296,"column":4},"end":{"line":296,"column":102}},"type":"if","locations":[{"start":{"line":296,"column":4},"end":{"line":296,"column":102}},{"start":{},"end":{}}],"line":296},"46":{"loc":{"start":{"line":297,"column":20},"end":{"line":297,"column":86}},"type":"binary-expr","locations":[{"start":{"line":297,"column":20},"end":{"line":297,"column":47}},{"start":{"line":297,"column":51},"end":{"line":297,"column":80}},{"start":{"line":297,"column":84},"end":{"line":297,"column":86}}],"line":297},"47":{"loc":{"start":{"line":298,"column":28},"end":{"line":298,"column":92}},"type":"binary-expr","locations":[{"start":{"line":298,"column":28},"end":{"line":298,"column":54}},{"start":{"line":298,"column":58},"end":{"line":298,"column":65}},{"start":{"line":298,"column":69},"end":{"line":298,"column":92}}],"line":298},"48":{"loc":{"start":{"line":301,"column":6},"end":{"line":303,"column":7}},"type":"if","locations":[{"start":{"line":301,"column":6},"end":{"line":303,"column":7}},{"start":{},"end":{}}],"line":301},"49":{"loc":{"start":{"line":311,"column":29},"end":{"line":311,"column":105}},"type":"cond-expr","locations":[{"start":{"line":311,"column":39},"end":{"line":311,"column":98}},{"start":{"line":311,"column":101},"end":{"line":311,"column":105}}],"line":311},"50":{"loc":{"start":{"line":313,"column":6},"end":{"line":329,"column":7}},"type":"if","locations":[{"start":{"line":313,"column":6},"end":{"line":329,"column":7}},{"start":{},"end":{}}],"line":313},"51":{"loc":{"start":{"line":322,"column":8},"end":{"line":328,"column":9}},"type":"if","locations":[{"start":{"line":322,"column":8},"end":{"line":328,"column":9}},{"start":{},"end":{}}],"line":322},"52":{"loc":{"start":{"line":323,"column":57},"end":{"line":323,"column":79}},"type":"binary-expr","locations":[{"start":{"line":323,"column":57},"end":{"line":323,"column":70}},{"start":{"line":323,"column":74},"end":{"line":323,"column":79}}],"line":323},"53":{"loc":{"start":{"line":325,"column":10},"end":{"line":327,"column":11}},"type":"if","locations":[{"start":{"line":325,"column":10},"end":{"line":327,"column":11}},{"start":{},"end":{}}],"line":325},"54":{"loc":{"start":{"line":334,"column":6},"end":{"line":336,"column":7}},"type":"if","locations":[{"start":{"line":334,"column":6},"end":{"line":336,"column":7}},{"start":{},"end":{}}],"line":334},"55":{"loc":{"start":{"line":334,"column":10},"end":{"line":334,"column":40}},"type":"binary-expr","locations":[{"start":{"line":334,"column":10},"end":{"line":334,"column":23}},{"start":{"line":334,"column":27},"end":{"line":334,"column":40}}],"line":334},"56":{"loc":{"start":{"line":347,"column":4},"end":{"line":347,"column":73}},"type":"if","locations":[{"start":{"line":347,"column":4},"end":{"line":347,"column":73}},{"start":{},"end":{}}],"line":347},"57":{"loc":{"start":{"line":348,"column":4},"end":{"line":348,"column":83}},"type":"if","locations":[{"start":{"line":348,"column":4},"end":{"line":348,"column":83}},{"start":{},"end":{}}],"line":348},"58":{"loc":{"start":{"line":349,"column":4},"end":{"line":349,"column":111}},"type":"if","locations":[{"start":{"line":349,"column":4},"end":{"line":349,"column":111}},{"start":{},"end":{}}],"line":349},"59":{"loc":{"start":{"line":350,"column":4},"end":{"line":350,"column":119}},"type":"if","locations":[{"start":{"line":350,"column":4},"end":{"line":350,"column":119}},{"start":{},"end":{}}],"line":350},"60":{"loc":{"start":{"line":350,"column":22},"end":{"line":350,"column":50}},"type":"binary-expr","locations":[{"start":{"line":350,"column":22},"end":{"line":350,"column":38}},{"start":{"line":350,"column":42},"end":{"line":350,"column":50}}],"line":350},"61":{"loc":{"start":{"line":357,"column":6},"end":{"line":357,"column":93}},"type":"if","locations":[{"start":{"line":357,"column":6},"end":{"line":357,"column":93}},{"start":{},"end":{}}],"line":357},"62":{"loc":{"start":{"line":379,"column":4},"end":{"line":381,"column":5}},"type":"if","locations":[{"start":{"line":379,"column":4},"end":{"line":381,"column":5}},{"start":{},"end":{}}],"line":379},"63":{"loc":{"start":{"line":379,"column":8},"end":{"line":379,"column":63}},"type":"binary-expr","locations":[{"start":{"line":379,"column":8},"end":{"line":379,"column":25}},{"start":{"line":379,"column":29},"end":{"line":379,"column":42}},{"start":{"line":379,"column":46},"end":{"line":379,"column":63}}],"line":379},"64":{"loc":{"start":{"line":382,"column":4},"end":{"line":384,"column":5}},"type":"if","locations":[{"start":{"line":382,"column":4},"end":{"line":384,"column":5}},{"start":{},"end":{}}],"line":382},"65":{"loc":{"start":{"line":385,"column":4},"end":{"line":387,"column":5}},"type":"if","locations":[{"start":{"line":385,"column":4},"end":{"line":387,"column":5}},{"start":{},"end":{}}],"line":385},"66":{"loc":{"start":{"line":390,"column":6},"end":{"line":392,"column":7}},"type":"if","locations":[{"start":{"line":390,"column":6},"end":{"line":392,"column":7}},{"start":{},"end":{}}],"line":390},"67":{"loc":{"start":{"line":394,"column":6},"end":{"line":396,"column":7}},"type":"if","locations":[{"start":{"line":394,"column":6},"end":{"line":396,"column":7}},{"start":{},"end":{}}],"line":394},"68":{"loc":{"start":{"line":413,"column":6},"end":{"line":416,"column":7}},"type":"if","locations":[{"start":{"line":413,"column":6},"end":{"line":416,"column":7}},{"start":{},"end":{}}],"line":413},"69":{"loc":{"start":{"line":413,"column":10},"end":{"line":413,"column":52}},"type":"binary-expr","locations":[{"start":{"line":413,"column":10},"end":{"line":413,"column":15}},{"start":{"line":413,"column":19},"end":{"line":413,"column":52}}],"line":413},"70":{"loc":{"start":{"line":417,"column":6},"end":{"line":420,"column":7}},"type":"if","locations":[{"start":{"line":417,"column":6},"end":{"line":420,"column":7}},{"start":{},"end":{}}],"line":417},"71":{"loc":{"start":{"line":417,"column":10},"end":{"line":417,"column":45}},"type":"binary-expr","locations":[{"start":{"line":417,"column":10},"end":{"line":417,"column":22}},{"start":{"line":417,"column":26},"end":{"line":417,"column":45}}],"line":417},"72":{"loc":{"start":{"line":421,"column":6},"end":{"line":423,"column":7}},"type":"if","locations":[{"start":{"line":421,"column":6},"end":{"line":423,"column":7}},{"start":{},"end":{}}],"line":421},"73":{"loc":{"start":{"line":468,"column":4},"end":{"line":472,"column":5}},"type":"if","locations":[{"start":{"line":468,"column":4},"end":{"line":472,"column":5}},{"start":{"line":470,"column":11},"end":{"line":472,"column":5}}],"line":468},"74":{"loc":{"start":{"line":468,"column":8},"end":{"line":468,"column":41}},"type":"binary-expr","locations":[{"start":{"line":468,"column":8},"end":{"line":468,"column":19}},{"start":{"line":468,"column":23},"end":{"line":468,"column":41}}],"line":468}},"s":{"0":0,"1":0,"2":0,"3":0,"4":0,"5":0,"6":0,"7":0,"8":0,"9":0,"10":0,"11":0,"12":0,"13":0,"14":0,"15":0,"16":0,"17":0,"18":0,"19":0,"20":0,"21":0,"22":0,"23":0,"24":0,"25":0,"26":0,"27":0,"28":0,"29":0,"30":0,"31":0,"32":0,"33":0,"34":0,"35":0,"36":0,"37":0,"38":0,"39":0,"40":0,"41":0,"42":0,"43":0,"44":0,"45":0,"46":0,"47":0,"48":0,"49":0,"50":0,"51":0,"52":0,"53":0,"54":0,"55":0,"56":0,"57":0,"58":0,"59":0,"60":0,"61":0,"62":0,"63":0,"64":0,"65":0,"66":0,"67":0,"68":0,"69":0,"70":0,"71":0,"72":0,"73":0,"74":0,"75":0,"76":0,"77":0,"78":0,"79":0,"80":0,"81":0,"82":0,"83":0,"84":0,"85":0,"86":0,"87":0,"88":0,"89":0,"90":0,"91":0,"92":0,"93":0,"94":0,"95":0,"96":0,"97":0,"98":0,"99":0,"100":0,"101":0,"102":0,"103":0,"104":0,"105":0,"106":0,"107":0,"108":0,"109":0,"110":0,"111":0,"112":0,"113":0,"114":0,"115":0,"116":0,"117":0,"118":0,"119":0,"120":0,"121":0,"122":0,"123":0,"124":0,"125":0,"126":0,"127":0,"128":0,"129":0,"130":0,"131":0,"132":0,"133":0,"134":0,"135":0,"136":0,"137":0,"138":0,"139":0,"140":0,"141":0,"142":0,"143":0,"144":0,"145":0,"146":0,"147":0,"148":0,"149":0,"150":0,"151":0,"152":0,"153":0,"154":0,"155":0,"156":0,"157":0,"158":0,"159":0,"160":0,"161":0,"162":0,"163":0,"164":0,"165":0,"166":0,"167":0,"168":0,"169":0,"170":0,"171":0,"172":0,"173":0,"174":0,"175":0,"176":0,"177":0,"178":0,"179":0,"180":0,"181":0,"182":0,"183":0,"184":0,"185":0,"186":0,"187":0,"188":0,"189":0,"190":0,"191":0,"192":0,"193":0,"194":0,"195":0,"196":0,"197":0,"198":0,"199":0,"200":0,"201":0,"202":0,"203":0,"204":0,"205":0,"206":0,"207":0,"208":0,"209":0,"210":0,"211":0,"212":0,"213":0,"214":0,"215":0,"216":0,"217":0,"218":0,"219":0,"220":0,"221":0,"222":0,"223":0,"224":0,"225":0,"226":0,"227":0,"228":0,"229":0,"230":0,"231":0,"232":0,"233":0,"234":0,"235":0,"236":0,"237":0,"238":0,"239":0,"240":0,"241":0,"242":0,"243":0,"244":0,"245":0,"246":0,"247":0,"248":0,"249":0,"250":0,"251":0,"252":0,"253":0,"254":0,"255":0,"256":0,"257":0,"258":0,"259":0,"260":0,"261":0,"262":0,"263":0,"264":0,"265":0,"266":0,"267":0,"268":0,"269":0,"270":0,"271":0,"272":0,"273":0,"274":0,"275":0,"276":0},"f":{"0":0,"1":0,"2":0,"3":0,"4":0,"5":0,"6":0,"7":0,"8":0,"9":0,"10":0,"11":0,"12":0,"13":0,"14":0,"15":0,"16":0,"17":0,"18":0},"b":{"0":[0,0],"1":[0,0],"2":[0,0],"3":[0,0],"4":[0,0],"5":[0,0],"6":[0,0],"7":[0,0],"8":[0,0],"9":[0,0],"10":[0,0],"11":[0,0],"12":[0,0],"13":[0,0],"14":[0,0],"15":[0,0],"16":[0,0],"17":[0,0],"18":[0,0,0],"19":[0,0],"20":[0,0],"21":[0,0],"22":[0,0],"23":[0,0,0,0],"24":[0,0],"25":[0,0],"26":[0,0],"27":[0,0],"28":[0,0],"29":[0,0],"30":[0,0],"31":[0,0],"32":[0,0],"33":[0,0],"34":[0,0],"35":[0,0],"36":[0,0],"37":[0,0],"38":[0,0],"39":[0,0],"40":[0,0],"41":[0,0],"42":[0,0],"43":[0,0],"44":[0,0],"45":[0,0],"46":[0,0,0],"47":[0,0,0],"48":[0,0],"49":[0,0],"50":[0,0],"51":[0,0],"52":[0,0],"53":[0,0],"54":[0,0],"55":[0,0],"56":[0,0],"57":[0,0],"58":[0,0],"59":[0,0],"60":[0,0],"61":[0,0],"62":[0,0],"63":[0,0,0],"64":[0,0],"65":[0,0],"66":[0,0],"67":[0,0],"68":[0,0],"69":[0,0],"70":[0,0],"71":[0,0],"72":[0,0],"73":[0,0],"74":[0,0]}}
,"/home/mat/dev/HandstandApp-Api/routes/progress.js": {"path":"/home/mat/dev/HandstandApp-Api/routes/progress.js","statementMap":{"0":{"start":{"line":1,"column":16},"end":{"line":1,"column":34}},"1":{"start":{"line":2,"column":24},"end":{"line":2,"column":53}},"2":{"start":{"line":3,"column":15},"end":{"line":3,"column":40}},"3":{"start":{"line":4,"column":15},"end":{"line":4,"column":31}},"4":{"start":{"line":6,"column":23},"end":{"line":6,"column":25}},"5":{"start":{"line":7,"column":0},"end":{"line":11,"column":1}},"6":{"start":{"line":8,"column":2},"end":{"line":10,"column":3}},"7":{"start":{"line":9,"column":4},"end":{"line":9,"column":37}},"8":{"start":{"line":13,"column":0},"end":{"line":252,"column":2}},"9":{"start":{"line":15,"column":2},"end":{"line":15,"column":56}},"10":{"start":{"line":15,"column":38},"end":{"line":15,"column":54}},"11":{"start":{"line":18,"column":2},"end":{"line":47,"column":5}},"12":{"start":{"line":19,"column":4},"end":{"line":46,"column":5}},"13":{"start":{"line":20,"column":25},"end":{"line":23,"column":7}},"14":{"start":{"line":24,"column":19},"end":{"line":24,"column":37}},"15":{"start":{"line":25,"column":6},"end":{"line":27,"column":7}},"16":{"start":{"line":26,"column":8},"end":{"line":26,"column":92}},"17":{"start":{"line":28,"column":26},"end":{"line":31,"column":13}},"18":{"start":{"line":32,"column":25},"end":{"line":36,"column":13}},"19":{"start":{"line":37,"column":28},"end":{"line":40,"column":20}},"20":{"start":{"line":41,"column":21},"end":{"line":41,"column":62}},"21":{"start":{"line":42,"column":6},"end":{"line":42,"column":98}},"22":{"start":{"line":44,"column":6},"end":{"line":44,"column":45}},"23":{"start":{"line":45,"column":6},"end":{"line":45,"column":54}},"24":{"start":{"line":50,"column":2},"end":{"line":179,"column":5}},"25":{"start":{"line":51,"column":16},"end":{"line":51,"column":34}},"26":{"start":{"line":52,"column":4},"end":{"line":178,"column":5}},"27":{"start":{"line":62,"column":10},"end":{"line":146,"column":8}},"28":{"start":{"line":148,"column":24},"end":{"line":148,"column":99}},"29":{"start":{"line":149,"column":30},"end":{"line":151,"column":11}},"30":{"start":{"line":153,"column":28},"end":{"line":153,"column":54}},"31":{"start":{"line":155,"column":6},"end":{"line":174,"column":9}},"32":{"start":{"line":160,"column":58},"end":{"line":163,"column":9}},"33":{"start":{"line":176,"column":6},"end":{"line":176,"column":51}},"34":{"start":{"line":177,"column":6},"end":{"line":177,"column":54}},"35":{"start":{"line":182,"column":2},"end":{"line":199,"column":5}},"36":{"start":{"line":183,"column":18},"end":{"line":183,"column":46}},"37":{"start":{"line":184,"column":4},"end":{"line":184,"column":111}},"38":{"start":{"line":184,"column":55},"end":{"line":184,"column":111}},"39":{"start":{"line":185,"column":4},"end":{"line":198,"column":5}},"40":{"start":{"line":186,"column":19},"end":{"line":189,"column":13}},"41":{"start":{"line":190,"column":24},"end":{"line":193,"column":24}},"42":{"start":{"line":194,"column":6},"end":{"line":194,"column":36}},"43":{"start":{"line":196,"column":6},"end":{"line":196,"column":46}},"44":{"start":{"line":197,"column":6},"end":{"line":197,"column":54}},"45":{"start":{"line":202,"column":2},"end":{"line":218,"column":5}},"46":{"start":{"line":203,"column":96},"end":{"line":203,"column":104}},"47":{"start":{"line":204,"column":4},"end":{"line":204,"column":107}},"48":{"start":{"line":204,"column":33},"end":{"line":204,"column":107}},"49":{"start":{"line":205,"column":21},"end":{"line":205,"column":40}},"50":{"start":{"line":206,"column":4},"end":{"line":206,"column":124}},"51":{"start":{"line":206,"column":64},"end":{"line":206,"column":124}},"52":{"start":{"line":207,"column":4},"end":{"line":217,"column":5}},"53":{"start":{"line":208,"column":21},"end":{"line":212,"column":7}},"54":{"start":{"line":213,"column":6},"end":{"line":213,"column":52}},"55":{"start":{"line":215,"column":6},"end":{"line":215,"column":39}},"56":{"start":{"line":216,"column":6},"end":{"line":216,"column":56}},"57":{"start":{"line":221,"column":2},"end":{"line":236,"column":5}},"58":{"start":{"line":222,"column":16},"end":{"line":222,"column":44}},"59":{"start":{"line":223,"column":4},"end":{"line":223,"column":105}},"60":{"start":{"line":223,"column":49},"end":{"line":223,"column":105}},"61":{"start":{"line":224,"column":4},"end":{"line":235,"column":5}},"62":{"start":{"line":225,"column":6},"end":{"line":228,"column":8}},"63":{"start":{"line":229,"column":24},"end":{"line":229,"column":44}},"64":{"start":{"line":230,"column":6},"end":{"line":230,"column":123}},"65":{"start":{"line":231,"column":6},"end":{"line":231,"column":40}},"66":{"start":{"line":233,"column":6},"end":{"line":233,"column":44}},"67":{"start":{"line":234,"column":6},"end":{"line":234,"column":56}},"68":{"start":{"line":239,"column":2},"end":{"line":249,"column":5}},"69":{"start":{"line":240,"column":4},"end":{"line":248,"column":5}},"70":{"start":{"line":241,"column":21},"end":{"line":241,"column":130}},"71":{"start":{"line":242,"column":6},"end":{"line":244,"column":7}},"72":{"start":{"line":243,"column":8},"end":{"line":243,"column":64}},"73":{"start":{"line":245,"column":6},"end":{"line":245,"column":29}},"74":{"start":{"line":247,"column":6},"end":{"line":247,"column":48}},"75":{"start":{"line":251,"column":2},"end":{"line":251,"column":16}},"76":{"start":{"line":255,"column":17},"end":{"line":258,"column":3}},"77":{"start":{"line":259,"column":2},"end":{"line":259,"column":36}},"78":{"start":{"line":259,"column":27},"end":{"line":259,"column":36}},"79":{"start":{"line":260,"column":15},"end":{"line":260,"column":16}},"80":{"start":{"line":261,"column":17},"end":{"line":261,"column":27}},"81":{"start":{"line":262,"column":2},"end":{"line":262,"column":32}},"82":{"start":{"line":263,"column":2},"end":{"line":270,"column":3}},"83":{"start":{"line":264,"column":14},"end":{"line":264,"column":40}},"84":{"start":{"line":265,"column":4},"end":{"line":265,"column":27}},"85":{"start":{"line":266,"column":4},"end":{"line":269,"column":17}},"86":{"start":{"line":267,"column":6},"end":{"line":267,"column":15}},"87":{"start":{"line":268,"column":6},"end":{"line":268,"column":19}},"88":{"start":{"line":269,"column":11},"end":{"line":269,"column":17}},"89":{"start":{"line":271,"column":2},"end":{"line":271,"column":16}}},"fnMap":{"0":{"name":"(anonymous_0)","decl":{"start":{"line":13,"column":17},"end":{"line":13,"column":18}},"loc":{"start":{"line":13,"column":33},"end":{"line":252,"column":1}},"line":13},"1":{"name":"(anonymous_1)","decl":{"start":{"line":15,"column":24},"end":{"line":15,"column":25}},"loc":{"start":{"line":15,"column":38},"end":{"line":15,"column":54}},"line":15},"2":{"name":"(anonymous_2)","decl":{"start":{"line":18,"column":40},"end":{"line":18,"column":41}},"loc":{"start":{"line":18,"column":60},"end":{"line":47,"column":3}},"line":18},"3":{"name":"(anonymous_3)","decl":{"start":{"line":50,"column":46},"end":{"line":50,"column":47}},"loc":{"start":{"line":50,"column":66},"end":{"line":179,"column":3}},"line":50},"4":{"name":"(anonymous_4)","decl":{"start":{"line":160,"column":52},"end":{"line":160,"column":53}},"loc":{"start":{"line":160,"column":58},"end":{"line":163,"column":9}},"line":160},"5":{"name":"(anonymous_5)","decl":{"start":{"line":182,"column":47},"end":{"line":182,"column":48}},"loc":{"start":{"line":182,"column":67},"end":{"line":199,"column":3}},"line":182},"6":{"name":"(anonymous_6)","decl":{"start":{"line":202,"column":35},"end":{"line":202,"column":36}},"loc":{"start":{"line":202,"column":55},"end":{"line":218,"column":3}},"line":202},"7":{"name":"(anonymous_7)","decl":{"start":{"line":221,"column":40},"end":{"line":221,"column":41}},"loc":{"start":{"line":221,"column":60},"end":{"line":236,"column":3}},"line":221},"8":{"name":"(anonymous_8)","decl":{"start":{"line":239,"column":41},"end":{"line":239,"column":42}},"loc":{"start":{"line":239,"column":61},"end":{"line":249,"column":3}},"line":239},"9":{"name":"getStreak","decl":{"start":{"line":254,"column":15},"end":{"line":254,"column":24}},"loc":{"start":{"line":254,"column":39},"end":{"line":272,"column":1}},"line":254}},"branchMap":{"0":{"loc":{"start":{"line":25,"column":6},"end":{"line":27,"column":7}},"type":"if","locations":[{"start":{"line":25,"column":6},"end":{"line":27,"column":7}},{"start":{},"end":{}}],"line":25},"1":{"loc":{"start":{"line":148,"column":24},"end":{"line":148,"column":99}},"type":"binary-expr","locations":[{"start":{"line":148,"column":24},"end":{"line":148,"column":44}},{"start":{"line":148,"column":48},"end":{"line":148,"column":99}}],"line":148},"2":{"loc":{"start":{"line":149,"column":30},"end":{"line":151,"column":11}},"type":"cond-expr","locations":[{"start":{"line":150,"column":10},"end":{"line":150,"column":97}},{"start":{"line":151,"column":10},"end":{"line":151,"column":11}}],"line":149},"3":{"loc":{"start":{"line":162,"column":16},"end":{"line":162,"column":64}},"type":"binary-expr","locations":[{"start":{"line":162,"column":16},"end":{"line":162,"column":46}},{"start":{"line":162,"column":50},"end":{"line":162,"column":64}}],"line":162},"4":{"loc":{"start":{"line":172,"column":19},"end":{"line":172,"column":60}},"type":"binary-expr","locations":[{"start":{"line":172,"column":19},"end":{"line":172,"column":55}},{"start":{"line":172,"column":59},"end":{"line":172,"column":60}}],"line":172},"5":{"loc":{"start":{"line":184,"column":4},"end":{"line":184,"column":111}},"type":"if","locations":[{"start":{"line":184,"column":4},"end":{"line":184,"column":111}},{"start":{},"end":{}}],"line":184},"6":{"loc":{"start":{"line":184,"column":8},"end":{"line":184,"column":53}},"type":"binary-expr","locations":[{"start":{"line":184,"column":8},"end":{"line":184,"column":27}},{"start":{"line":184,"column":31},"end":{"line":184,"column":40}},{"start":{"line":184,"column":44},"end":{"line":184,"column":53}}],"line":184},"7":{"loc":{"start":{"line":190,"column":24},"end":{"line":193,"column":24}},"type":"binary-expr","locations":[{"start":{"line":190,"column":24},"end":{"line":193,"column":16}},{"start":{"line":193,"column":20},"end":{"line":193,"column":24}}],"line":190},"8":{"loc":{"start":{"line":204,"column":4},"end":{"line":204,"column":107}},"type":"if","locations":[{"start":{"line":204,"column":4},"end":{"line":204,"column":107}},{"start":{},"end":{}}],"line":204},"9":{"loc":{"start":{"line":204,"column":8},"end":{"line":204,"column":31}},"type":"binary-expr","locations":[{"start":{"line":204,"column":8},"end":{"line":204,"column":14}},{"start":{"line":204,"column":18},"end":{"line":204,"column":31}}],"line":204},"10":{"loc":{"start":{"line":206,"column":4},"end":{"line":206,"column":124}},"type":"if","locations":[{"start":{"line":206,"column":4},"end":{"line":206,"column":124}},{"start":{},"end":{}}],"line":206},"11":{"loc":{"start":{"line":206,"column":8},"end":{"line":206,"column":62}},"type":"binary-expr","locations":[{"start":{"line":206,"column":8},"end":{"line":206,"column":30}},{"start":{"line":206,"column":34},"end":{"line":206,"column":46}},{"start":{"line":206,"column":50},"end":{"line":206,"column":62}}],"line":206},"12":{"loc":{"start":{"line":211,"column":53},"end":{"line":211,"column":72}},"type":"binary-expr","locations":[{"start":{"line":211,"column":53},"end":{"line":211,"column":67}},{"start":{"line":211,"column":71},"end":{"line":211,"column":72}}],"line":211},"13":{"loc":{"start":{"line":211,"column":74},"end":{"line":211,"column":96}},"type":"binary-expr","locations":[{"start":{"line":211,"column":74},"end":{"line":211,"column":90}},{"start":{"line":211,"column":94},"end":{"line":211,"column":96}}],"line":211},"14":{"loc":{"start":{"line":211,"column":98},"end":{"line":211,"column":123}},"type":"binary-expr","locations":[{"start":{"line":211,"column":98},"end":{"line":211,"column":115}},{"start":{"line":211,"column":119},"end":{"line":211,"column":123}}],"line":211},"15":{"loc":{"start":{"line":211,"column":125},"end":{"line":211,"column":136}},"type":"binary-expr","locations":[{"start":{"line":211,"column":125},"end":{"line":211,"column":130}},{"start":{"line":211,"column":134},"end":{"line":211,"column":136}}],"line":211},"16":{"loc":{"start":{"line":223,"column":4},"end":{"line":223,"column":105}},"type":"if","locations":[{"start":{"line":223,"column":4},"end":{"line":223,"column":105}},{"start":{},"end":{}}],"line":223},"17":{"loc":{"start":{"line":223,"column":8},"end":{"line":223,"column":47}},"type":"binary-expr","locations":[{"start":{"line":223,"column":8},"end":{"line":223,"column":25}},{"start":{"line":223,"column":29},"end":{"line":223,"column":36}},{"start":{"line":223,"column":40},"end":{"line":223,"column":47}}],"line":223},"18":{"loc":{"start":{"line":242,"column":6},"end":{"line":244,"column":7}},"type":"if","locations":[{"start":{"line":242,"column":6},"end":{"line":244,"column":7}},{"start":{},"end":{}}],"line":242},"19":{"loc":{"start":{"line":259,"column":2},"end":{"line":259,"column":36}},"type":"if","locations":[{"start":{"line":259,"column":2},"end":{"line":259,"column":36}},{"start":{},"end":{}}],"line":259},"20":{"loc":{"start":{"line":266,"column":4},"end":{"line":269,"column":17}},"type":"if","locations":[{"start":{"line":266,"column":4},"end":{"line":269,"column":17}},{"start":{"line":269,"column":11},"end":{"line":269,"column":17}}],"line":266}},"s":{"0":0,"1":0,"2":0,"3":0,"4":0,"5":0,"6":0,"7":0,"8":0,"9":0,"10":0,"11":0,"12":0,"13":0,"14":0,"15":0,"16":0,"17":0,"18":0,"19":0,"20":0,"21":0,"22":0,"23":0,"24":0,"25":0,"26":0,"27":0,"28":0,"29":0,"30":0,"31":0,"32":0,"33":0,"34":0,"35":0,"36":0,"37":0,"38":0,"39":0,"40":0,"41":0,"42":0,"43":0,"44":0,"45":0,"46":0,"47":0,"48":0,"49":0,"50":0,"51":0,"52":0,"53":0,"54":0,"55":0,"56":0,"57":0,"58":0,"59":0,"60":0,"61":0,"62":0,"63":0,"64":0,"65":0,"66":0,"67":0,"68":0,"69":0,"70":0,"71":0,"72":0,"73":0,"74":0,"75":0,"76":0,"77":0,"78":0,"79":0,"80":0,"81":0,"82":0,"83":0,"84":0,"85":0,"86":0,"87":0,"88":0,"89":0},"f":{"0":0,"1":0,"2":0,"3":0,"4":0,"5":0,"6":0,"7":0,"8":0,"9":0},"b":{"0":[0,0],"1":[0,0],"2":[0,0],"3":[0,0],"4":[0,0],"5":[0,0],"6":[0,0,0],"7":[0,0],"8":[0,0],"9":[0,0],"10":[0,0],"11":[0,0,0],"12":[0,0],"13":[0,0],"14":[0,0],"15":[0,0],"16":[0,0],"17":[0,0,0],"18":[0,0],"19":[0,0],"20":[0,0]}}
}
